<?xml version="1.0" encoding="UTF-8"?>
<testsuite name="booking.BookingServicesTests" tests="3" skipped="0" failures="0" errors="0" timestamp="2019-03-04T12:50:00" hostname="kyah-ubutu" time="0.315">
  <properties/>
  <testcase name="getBookingByIdTest" classname="booking.BookingServicesTests" time="0.131"/>
  <testcase name="getBookingListByCustomerIdTest" classname="booking.BookingServicesTests" time="0.179"/>
  <testcase name="contextLoads" classname="booking.BookingServicesTests" time="0.003"/>
  <system-out><![CDATA[21:49:54.802 [Test worker] DEBUG org.springframework.test.context.junit4.SpringJUnit4ClassRunner - SpringJUnit4ClassRunner constructor called with [class booking.BookingServicesTests]
21:49:54.810 [Test worker] DEBUG org.springframework.test.context.BootstrapUtils - Instantiating CacheAwareContextLoaderDelegate from class [org.springframework.test.context.cache.DefaultCacheAwareContextLoaderDelegate]
21:49:54.817 [Test worker] DEBUG org.springframework.test.context.BootstrapUtils - Instantiating BootstrapContext using constructor [public org.springframework.test.context.support.DefaultBootstrapContext(java.lang.Class,org.springframework.test.context.CacheAwareContextLoaderDelegate)]
21:49:54.835 [Test worker] DEBUG org.springframework.test.context.BootstrapUtils - Instantiating TestContextBootstrapper for test class [booking.BookingServicesTests] from class [org.springframework.boot.test.context.SpringBootTestContextBootstrapper]
21:49:54.845 [Test worker] INFO org.springframework.boot.test.context.SpringBootTestContextBootstrapper - Neither @ContextConfiguration nor @ContextHierarchy found for test class [booking.BookingServicesTests], using SpringBootContextLoader
21:49:54.849 [Test worker] DEBUG org.springframework.test.context.support.AbstractContextLoader - Did not detect default resource location for test class [booking.BookingServicesTests]: class path resource [booking/BookingServicesTests-context.xml] does not exist
21:49:54.850 [Test worker] DEBUG org.springframework.test.context.support.AbstractContextLoader - Did not detect default resource location for test class [booking.BookingServicesTests]: class path resource [booking/BookingServicesTestsContext.groovy] does not exist
21:49:54.850 [Test worker] INFO org.springframework.test.context.support.AbstractContextLoader - Could not detect default resource locations for test class [booking.BookingServicesTests]: no resource found for suffixes {-context.xml, Context.groovy}.
21:49:54.851 [Test worker] INFO org.springframework.test.context.support.AnnotationConfigContextLoaderUtils - Could not detect default configuration classes for test class [booking.BookingServicesTests]: BookingServicesTests does not declare any static, non-private, non-final, nested classes annotated with @Configuration.
21:49:54.884 [Test worker] DEBUG org.springframework.test.context.support.ActiveProfilesUtils - Could not find an 'annotation declaring class' for annotation type [org.springframework.test.context.ActiveProfiles] and class [booking.BookingServicesTests]
21:49:54.889 [Test worker] DEBUG org.springframework.core.env.StandardEnvironment - Adding PropertySource 'systemProperties' with lowest search precedence
21:49:54.890 [Test worker] DEBUG org.springframework.core.env.StandardEnvironment - Adding PropertySource 'systemEnvironment' with lowest search precedence
21:49:54.890 [Test worker] DEBUG org.springframework.core.env.StandardEnvironment - Initialized StandardEnvironment with PropertySources [MapPropertySource@635776306 {name='systemProperties', properties={sun.desktop=gnome, awt.toolkit=sun.awt.X11.XToolkit, java.specification.version=10, file.encoding.pkg=sun.io, sun.cpu.isalist=, sun.jnu.encoding=UTF-8, org.gradle.test.worker=2, java.class.path=/home/kyah/.gradle/caches/5.1.1/workerMain/gradle-worker.jar:/home/kyah/workspace/spring-api-booking/build/classes/java/test:/home/kyah/workspace/spring-api-booking/build/resources/test:/home/kyah/workspace/spring-api-booking/build/classes/java/main:/home/kyah/workspace/spring-api-booking/build/resources/main:/home/kyah/.gradle/caches/modules-2/files-2.1/org.springframework.boot/spring-boot-starter-web/2.0.5.RELEASE/52daa1f1509bd637a737206e54c06a17aabb9504/spring-boot-starter-web-2.0.5.RELEASE.jar:/home/kyah/.gradle/caches/modules-2/files-2.1/org.springframework.boot/spring-boot-starter-data-jpa/2.0.5.RELEASE/c99b58e8ada11478aa5d0c3065745b7e887f094e/spring-boot-starter-data-jpa-2.0.5.RELEASE.jar:/home/kyah/.gradle/caches/modules-2/files-2.1/org.springframework.boot/spring-boot-starter-security/2.0.5.RELEASE/5a53ddfd9ebd108f914f390981d992bacabf29d3/spring-boot-starter-security-2.0.5.RELEASE.jar:/home/kyah/.gradle/caches/modules-2/files-2.1/org.springframework.boot/spring-boot-starter-test/2.0.5.RELEASE/ab04ca2e76f6a8e786001352a81a10e4b0e7fbc8/spring-boot-starter-test-2.0.5.RELEASE.jar:/home/kyah/.gradle/caches/modules-2/files-2.1/org.springframework.boot/spring-boot-starter-json/2.0.5.RELEASE/d0052ded4733ceb1fb7d927238f22f9a92099227/spring-boot-starter-json-2.0.5.RELEASE.jar:/home/kyah/.gradle/caches/modules-2/files-2.1/org.springframework.boot/spring-boot-starter-aop/2.0.5.RELEASE/6bc1e8bcc849772d48cae1e8278cd2b471361698/spring-boot-starter-aop-2.0.5.RELEASE.jar:/home/kyah/.gradle/caches/modules-2/files-2.1/org.springframework.boot/spring-boot-starter-jdbc/2.0.5.RELEASE/9a5370acc7c5e17f4a00578211fbbd212b9a8329/spring-boot-starter-jdbc-2.0.5.RELEASE.jar:/home/kyah/.gradle/caches/modules-2/files-2.1/org.springframework.boot/spring-boot-starter/2.0.5.RELEASE/1f53487a373be18d064a5815e9bac9882ef15cdc/spring-boot-starter-2.0.5.RELEASE.jar:/home/kyah/.gradle/caches/modules-2/files-2.1/org.springframework.data/spring-data-jpa/2.0.10.RELEASE/a6e644c363d050c6c90f078f4f0ac66892f60d54/spring-data-jpa-2.0.10.RELEASE.jar:/home/kyah/.gradle/caches/modules-2/files-2.1/org.springframework/spring-orm/5.0.9.RELEASE/bb9265effd7c903f4cc1c98d16b4188b7827a1cc/spring-orm-5.0.9.RELEASE.jar:/home/kyah/.gradle/caches/modules-2/files-2.1/org.springframework/spring-jdbc/5.0.9.RELEASE/2f38726ef2f5ecb72af7e915dac43177b01a8f53/spring-jdbc-5.0.9.RELEASE.jar:/home/kyah/.gradle/caches/modules-2/files-2.1/com.auth0/java-jwt/3.4.0/e7ce62e0e190ed86c6edca4c0562dd03b432a141/java-jwt-3.4.0.jar:/home/kyah/.gradle/caches/modules-2/files-2.1/javax.xml.bind/jaxb-api/2.3.0/99f802e0cb3e953ba3d6e698795c4aeb98d37c48/jaxb-api-2.3.0.jar:/home/kyah/.gradle/caches/modules-2/files-2.1/mysql/mysql-connector-java/5.1.47/9de4159aaf2d08817a276610b8114a825fca6cfd/mysql-connector-java-5.1.47.jar:/home/kyah/.gradle/caches/modules-2/files-2.1/org.projectlombok/lombok/1.18.6/616105b0831250a2e443447508e6a8b26bc466fb/lombok-1.18.6.jar:/home/kyah/.gradle/caches/modules-2/files-2.1/io.springfox/springfox-swagger2/2.7.0/dd28b7ce26af1209d6ef19f5f24a8c23b41ca6fc/springfox-swagger2-2.7.0.jar:/home/kyah/.gradle/caches/modules-2/files-2.1/io.springfox/springfox-swagger-common/2.7.0/5a632aecc733753887f90592382fa271e546062a/springfox-swagger-common-2.7.0.jar:/home/kyah/.gradle/caches/modules-2/files-2.1/io.swagger/swagger-models/1.5.13/571a0046f35f9dac569a1870465248595e33ccdb/swagger-models-1.5.13.jar:/home/kyah/.gradle/caches/modules-2/files-2.1/io.swagger/swagger-annotations/1.5.16/935f1f2fed2cbdd7a0513981d6c53201e21155f4/swagger-annotations-1.5.16.jar:/home/kyah/.gradle/caches/modules-2/files-2.1/io.springfox/springfox-swagger-ui/2.7.0/92608eb6c2056810b4e3189196b4e8cce645d6de/springfox-swagger-ui-2.7.0.jar:/home/kyah/.gradle/caches/modules-2/files-2.1/org.postgresql/postgresql/42.2.5/951b7eda125f3137538a94e2cbdcf744088ad4c2/postgresql-42.2.5.jar:/home/kyah/.gradle/caches/modules-2/files-2.1/junit/junit/4.12/2973d150c0dc1fefe998f834810d68f278ea58ec/junit-4.12.jar:/home/kyah/.gradle/caches/modules-2/files-2.1/com.jayway.jsonpath/json-path/2.4.0/765a4401ceb2dc8d40553c2075eb80a8fa35c2ae/json-path-2.4.0.jar:/home/kyah/.gradle/caches/modules-2/files-2.1/org.springframework.boot/spring-boot-test-autoconfigure/2.0.5.RELEASE/54d5e8f9e88c6236fe164474f0aed5a8a1052c43/spring-boot-test-autoconfigure-2.0.5.RELEASE.jar:/home/kyah/.gradle/caches/modules-2/files-2.1/org.springframework.boot/spring-boot-autoconfigure/2.0.5.RELEASE/e5588642799e0c0c04638e255c3d3f31ba400ff4/spring-boot-autoconfigure-2.0.5.RELEASE.jar:/home/kyah/.gradle/caches/modules-2/files-2.1/org.springframework.boot/spring-boot-test/2.0.5.RELEASE/ce6353f33217982357a6bdba6576015ea333304c/spring-boot-test-2.0.5.RELEASE.jar:/home/kyah/.gradle/caches/modules-2/files-2.1/org.springframework.boot/spring-boot/2.0.5.RELEASE/19a4624cbd89a318d10c79f289c6c816043850fb/spring-boot-2.0.5.RELEASE.jar:/home/kyah/.gradle/caches/modules-2/files-2.1/org.springframework.boot/spring-boot-starter-logging/2.0.5.RELEASE/c353e0b9591d0765c687ff0a678478cbebfd5c23/spring-boot-starter-logging-2.0.5.RELEASE.jar:/home/kyah/.gradle/caches/modules-2/files-2.1/org.springframework.boot/spring-boot-starter-tomcat/2.0.5.RELEASE/eaac8a5d73b45400bc88cd7f6b5c99b5f0d5e9b7/spring-boot-starter-tomcat-2.0.5.RELEASE.jar:/home/kyah/.gradle/caches/modules-2/files-2.1/javax.annotation/javax.annotation-api/1.3.2/934c04d3cfef185a8008e7bf34331b79730a9d43/javax.annotation-api-1.3.2.jar:/home/kyah/.gradle/caches/modules-2/files-2.1/org.springframework/spring-webmvc/5.0.9.RELEASE/c18346caaeb8dc648c4cc01874996fd9fef76664/spring-webmvc-5.0.9.RELEASE.jar:/home/kyah/.gradle/caches/modules-2/files-2.1/org.springframework.security/spring-security-web/5.0.8.RELEASE/87b45329699c294ccd6df2507a1f703eca89e381/spring-security-web-5.0.8.RELEASE.jar:/home/kyah/.gradle/caches/modules-2/files-2.1/org.springframework/spring-web/5.0.9.RELEASE/1ea3aab93340849313fa74ec626ddaf1fff9ed8e/spring-web-5.0.9.RELEASE.jar:/home/kyah/.gradle/caches/modules-2/files-2.1/org.springframework/spring-tx/5.0.9.RELEASE/d3a13fc3c56bdddd8144a686ed64f0cdb3ad7305/spring-tx-5.0.9.RELEASE.jar:/home/kyah/.gradle/caches/modules-2/files-2.1/org.springframework.security/spring-security-config/5.0.8.RELEASE/83a070861ad63c0dd5660d4529b9c37a3c9e3c50/spring-security-config-5.0.8.RELEASE.jar:/home/kyah/.gradle/caches/modules-2/files-2.1/org.springframework/spring-test/5.0.9.RELEASE/218c8648f898453be92d550252e0ce2a84b54375/spring-test-5.0.9.RELEASE.jar:/home/kyah/.gradle/caches/modules-2/files-2.1/io.springfox/springfox-spring-web/2.7.0/a54be5572b6b5210f6892e13d6b136dde5e96bf6/springfox-spring-web-2.7.0.jar:/home/kyah/.gradle/caches/modules-2/files-2.1/io.springfox/springfox-schema/2.7.0/aab297a6781e829b9d6bac514a4dc860966c3c8d/springfox-schema-2.7.0.jar:/home/kyah/.gradle/caches/modules-2/files-2.1/io.springfox/springfox-spi/2.7.0/dab14edcb863dd506278dc950908b4f684e93b7/springfox-spi-2.7.0.jar:/home/kyah/.gradle/caches/modules-2/files-2.1/io.springfox/springfox-core/2.7.0/f3e6d1cf5170b4b56ee0a00c1b3b05221f2ecb96/springfox-core-2.7.0.jar:/home/kyah/.gradle/caches/modules-2/files-2.1/org.springframework.plugin/spring-plugin-metadata/1.2.0.RELEASE/97223fc496b6cab31602eedbd4202aa4fff0d44f/spring-plugin-metadata-1.2.0.RELEASE.jar:/home/kyah/.gradle/caches/modules-2/files-2.1/org.springframework.plugin/spring-plugin-core/1.2.0.RELEASE/f380e7760032e7d929184f8ad8a33716b75c0657/spring-plugin-core-1.2.0.RELEASE.jar:/home/kyah/.gradle/caches/modules-2/files-2.1/org.springframework.security/spring-security-core/5.0.8.RELEASE/32a39026edcb6b7cd4567df2c75bd561d876f515/spring-security-core-5.0.8.RELEASE.jar:/home/kyah/.gradle/caches/modules-2/files-2.1/org.springframework/spring-context/5.0.9.RELEASE/2501e55acb6c2e84667cda3f845d1d00a0dc4e05/spring-context-5.0.9.RELEASE.jar:/home/kyah/.gradle/caches/modules-2/files-2.1/org.springframework/spring-expression/5.0.9.RELEASE/1f9db5ff3a758102c0434cc3457aa47c50c39a4a/spring-expression-5.0.9.RELEASE.jar:/home/kyah/.gradle/caches/modules-2/files-2.1/org.springframework.data/spring-data-commons/2.0.10.RELEASE/64d4e58a2b16b9446d51a2650058d821a5bce98d/spring-data-commons-2.0.10.RELEASE.jar:/home/kyah/.gradle/caches/modules-2/files-2.1/org.springframework/spring-aop/5.0.9.RELEASE/98003b099697fe46b6bdf18c7e3f66d7a1381060/spring-aop-5.0.9.RELEASE.jar:/home/kyah/.gradle/caches/modules-2/files-2.1/org.springframework/spring-beans/5.0.9.RELEASE/65f56fdab1bb90ad059e314d2f2f4cf76f9bdbde/spring-beans-5.0.9.RELEASE.jar:/home/kyah/.gradle/caches/modules-2/files-2.1/org.springframework/spring-core/5.0.9.RELEASE/9f9a828936d81afd49a603bda9cc1aed863a0d85/spring-core-5.0.9.RELEASE.jar:/home/kyah/.gradle/caches/modules-2/files-2.1/org.yaml/snakeyaml/1.19/2d998d3d674b172a588e54ab619854d073f555b5/snakeyaml-1.19.jar:/home/kyah/.gradle/caches/modules-2/files-2.1/org.hibernate.validator/hibernate-validator/6.0.12.Final/478003e61b056c1f97840ba3e62ff31cdc89597/hibernate-validator-6.0.12.Final.jar:/home/kyah/.gradle/caches/modules-2/files-2.1/javax.transaction/javax.transaction-api/1.2/d81aff979d603edd90dcd8db2abc1f4ce6479e3e/javax.transaction-api-1.2.jar:/home/kyah/.gradle/caches/modules-2/files-2.1/org.hibernate/hibernate-core/5.2.17.Final/f2dc36470e7a2ffcf6106bb1625ecf5b54bb5f65/hibernate-core-5.2.17.Final.jar:/home/kyah/.gradle/caches/modules-2/files-2.1/org.springframework/spring-aspects/5.0.9.RELEASE/dfb2da4c573391d8e8a482f08bdf4d38398e2bb0/spring-aspects-5.0.9.RELEASE.jar:/home/kyah/.gradle/caches/modules-2/files-2.1/com.fasterxml.jackson.datatype/jackson-datatype-jdk8/2.9.6/456895fc91bf7180b216fead220373e6278230c9/jackson-datatype-jdk8-2.9.6.jar:/home/kyah/.gradle/caches/modules-2/files-2.1/com.fasterxml.jackson.datatype/jackson-datatype-jsr310/2.9.6/ea54f6193d224e5e5732bbd4262327eb465397c2/jackson-datatype-jsr310-2.9.6.jar:/home/kyah/.gradle/caches/modules-2/files-2.1/com.fasterxml.jackson.module/jackson-module-parameter-names/2.9.6/129acd77a4b6ee30d62d3a0899b1344c8ec2bff8/jackson-module-parameter-names-2.9.6.jar:/home/kyah/.gradle/caches/modules-2/files-2.1/com.fasterxml.jackson.core/jackson-databind/2.9.6/cfa4f316351a91bfd95cb0644c6a2c95f52db1fc/jackson-databind-2.9.6.jar:/home/kyah/.gradle/caches/modules-2/files-2.1/commons-codec/commons-codec/1.11/3acb4705652e16236558f0f4f2192cc33c3bd189/commons-codec-1.11.jar:/home/kyah/.gradle/caches/modules-2/files-2.1/org.reflections/reflections/0.9.11/4c686033d918ec1727e329b7222fcb020152e32b/reflections-0.9.11.jar:/home/kyah/.gradle/caches/modules-2/files-2.1/com.google.guava/guava/20.0/89507701249388e1ed5ddcf8c41f4ce1be7831ef/guava-20.0.jar:/home/kyah/.gradle/caches/modules-2/files-2.1/com.fasterxml/classmate/1.3.4/3d5f48f10bbe4eb7bd862f10c0583be2e0053c6/classmate-1.3.4.jar:/home/kyah/.gradle/caches/modules-2/files-2.1/ch.qos.logback/logback-classic/1.2.3/7c4f3c474fb2c041d8028740440937705ebb473a/logback-classic-1.2.3.jar:/home/kyah/.gradle/caches/modules-2/files-2.1/org.apache.logging.log4j/log4j-to-slf4j/2.10.0/f7e631ccf49cfc0aefa4a2a728da7d374c05bd3c/log4j-to-slf4j-2.10.0.jar:/home/kyah/.gradle/caches/modules-2/files-2.1/org.slf4j/jul-to-slf4j/1.7.25/af5364cd6679bfffb114f0dec8a157aaa283b76/jul-to-slf4j-1.7.25.jar:/home/kyah/.gradle/caches/modules-2/files-2.1/com.zaxxer/HikariCP/2.7.9/a83113d2c091d0d0f853dad3217bd7df3beb6ae3/HikariCP-2.7.9.jar:/home/kyah/.gradle/caches/modules-2/files-2.1/org.slf4j/slf4j-api/1.7.25/da76ca59f6a57ee3102f8f9bd9cee742973efa8a/slf4j-api-1.7.25.jar:/home/kyah/.gradle/caches/modules-2/files-2.1/org.mapstruct/mapstruct/1.1.0.Final/65b81fa5234e1fd8461b77bbccee7b9ebc0bbbb2/mapstruct-1.1.0.Final.jar:/home/kyah/.gradle/caches/modules-2/files-2.1/org.hamcrest/hamcrest-library/1.3/4785a3c21320980282f9f33d0d1264a69040538f/hamcrest-library-1.3.jar:/home/kyah/.gradle/caches/modules-2/files-2.1/org.hamcrest/hamcrest-core/1.3/42a25dc3219429f0e5d060061f71acb49bf010a0/hamcrest-core-1.3.jar:/home/kyah/.gradle/caches/modules-2/files-2.1/org.assertj/assertj-core/3.9.1/c5ce126b15f28d56cd8f960c1a6a058b9c9aea87/assertj-core-3.9.1.jar:/home/kyah/.gradle/caches/modules-2/files-2.1/org.mockito/mockito-core/2.15.0/b84bfbbc29cd22c9529409627af6ea2897f4fa85/mockito-core-2.15.0.jar:/home/kyah/.gradle/caches/modules-2/files-2.1/org.skyscreamer/jsonassert/1.5.0/6c9d5fe2f59da598d9aefc1cfc6528ff3cf32df3/jsonassert-1.5.0.jar:/home/kyah/.gradle/caches/modules-2/files-2.1/org.xmlunit/xmlunit-core/2.5.1/4ffdb346572a7356f7521cd3119ce5287d2e339d/xmlunit-core-2.5.1.jar:/home/kyah/.gradle/caches/modules-2/files-2.1/net.minidev/json-smart/2.3/7396407491352ce4fa30de92efb158adb76b5b/json-smart-2.3.jar:/home/kyah/.gradle/caches/modules-2/files-2.1/org.springframework/spring-jcl/5.0.9.RELEASE/bc3b5aaae53f0bc03647e53ecbd98a05b47a4e90/spring-jcl-5.0.9.RELEASE.jar:/home/kyah/.gradle/caches/modules-2/files-2.1/org.apache.tomcat.embed/tomcat-embed-websocket/8.5.34/5f86906367c2540b21e6aeecc277d2ce9ec939b0/tomcat-embed-websocket-8.5.34.jar:/home/kyah/.gradle/caches/modules-2/files-2.1/org.apache.tomcat.embed/tomcat-embed-core/8.5.34/a038040d68a90397f95dd1e11b979fe364a5000f/tomcat-embed-core-8.5.34.jar:/home/kyah/.gradle/caches/modules-2/files-2.1/org.apache.tomcat.embed/tomcat-embed-el/8.5.34/be71a9a5bdd001db7cf97c47429eec0bdd3b7b88/tomcat-embed-el-8.5.34.jar:/home/kyah/.gradle/caches/modules-2/files-2.1/javax.validation/validation-api/2.0.1.Final/cb855558e6271b1b32e716d24cb85c7f583ce09e/validation-api-2.0.1.Final.jar:/home/kyah/.gradle/caches/modules-2/files-2.1/org.hibernate.common/hibernate-commons-annotations/5.0.1.Final/71e1cff3fcb20d3b3af4f3363c3ddb24d33c6879/hibernate-commons-annotations-5.0.1.Final.jar:/home/kyah/.gradle/caches/modules-2/files-2.1/org.jboss.logging/jboss-logging/3.3.2.Final/3789d00e859632e6c6206adc0c71625559e6e3b0/jboss-logging-3.3.2.Final.jar:/home/kyah/.gradle/caches/modules-2/files-2.1/org.aspectj/aspectjweaver/1.8.13/ad94df2a28d658a40dc27bbaff6a1ce5fbf04e9b/aspectjweaver-1.8.13.jar:/home/kyah/.gradle/caches/modules-2/files-2.1/org.hibernate.javax.persistence/hibernate-jpa-2.1-api/1.0.2.Final/52afb5762c704a6b586e27742470c08f91877fc1/hibernate-jpa-2.1-api-1.0.2.Final.jar:/home/kyah/.gradle/caches/modules-2/files-2.1/org.javassist/javassist/3.22.0-GA/3e83394258ae2089be7219b971ec21a8288528ad/javassist-3.22.0-GA.jar:/home/kyah/.gradle/caches/modules-2/files-2.1/antlr/antlr/2.7.7/83cd2cd674a217ade95a4bb83a8a14f351f48bd0/antlr-2.7.7.jar:/home/kyah/.gradle/caches/modules-2/files-2.1/org.jboss/jandex/2.0.3.Final/bfc4d6257dbff7a33a357f0de116be6ff951d849/jandex-2.0.3.Final.jar:/home/kyah/.gradle/caches/modules-2/files-2.1/dom4j/dom4j/1.6.1/5d3ccc056b6f056dbf0dddfdf43894b9065a8f94/dom4j-1.6.1.jar:/home/kyah/.gradle/caches/modules-2/files-2.1/com.fasterxml.jackson.core/jackson-annotations/2.9.0/7c10d545325e3a6e72e06381afe469fd40eb701/jackson-annotations-2.9.0.jar:/home/kyah/.gradle/caches/modules-2/files-2.1/com.fasterxml.jackson.core/jackson-core/2.9.6/4e393793c37c77e042ccc7be5a914ae39251b365/jackson-core-2.9.6.jar:/home/kyah/.gradle/caches/modules-2/files-2.1/net.bytebuddy/byte-buddy/1.7.11/f02857a4e2c66ccbe7aaad6100a0a6c461bce9b3/byte-buddy-1.7.11.jar:/home/kyah/.gradle/caches/modules-2/files-2.1/net.bytebuddy/byte-buddy-agent/1.7.11/b425a8933ca07edd03c6dbc8bc3b595fba9780de/byte-buddy-agent-1.7.11.jar:/home/kyah/.gradle/caches/modules-2/files-2.1/org.objenesis/objenesis/2.6/639033469776fd37c08358c6b92a4761feb2af4b/objenesis-2.6.jar:/home/kyah/.gradle/caches/modules-2/files-2.1/com.vaadin.external.google/android-json/0.0.20131108.vaadin1/fa26d351fe62a6a17f5cda1287c1c6110dec413f/android-json-0.0.20131108.vaadin1.jar:/home/kyah/.gradle/caches/modules-2/files-2.1/net.minidev/accessors-smart/1.2/c592b500269bfde36096641b01238a8350f8aa31/accessors-smart-1.2.jar:/home/kyah/.gradle/caches/modules-2/files-2.1/ch.qos.logback/logback-core/1.2.3/864344400c3d4d92dfeb0a305dc87d953677c03c/logback-core-1.2.3.jar:/home/kyah/.gradle/caches/modules-2/files-2.1/org.apache.logging.log4j/log4j-api/2.10.0/fec5797a55b786184a537abd39c3fa1449d752d6/log4j-api-2.10.0.jar:/home/kyah/.gradle/caches/modules-2/files-2.1/org.ow2.asm/asm/5.0.4/da08b8cce7bbf903602a25a3a163ae252435795/asm-5.0.4.jar, java.vm.vendor=Oracle Corporation, sun.arch.data.model=64, user.variant=, java.vendor.url=http://java.oracle.com/, user.timezone=Asia/Tokyo, os.name=Linux, java.vm.specification.version=10, user.country=JP, sun.java.launcher=SUN_STANDARD, sun.boot.library.path=/usr/lib/jvm/java-11-openjdk-amd64/lib, sun.java.command=worker.org.gradle.process.internal.worker.GradleWorkerMain 'Gradle Test Executor 2', jdk.debug=release, sun.cpu.endian=little, user.home=/home/kyah, user.language=ja, java.specification.vendor=Oracle Corporation, org.gradle.native=false, java.version.date=2018-07-17, java.home=/usr/lib/jvm/java-11-openjdk-amd64, file.separator=/, java.vm.compressedOopsMode=32-bit, line.separator=
, java.specification.name=Java Platform API Specification, java.vm.specification.vendor=Oracle Corporation, java.awt.graphicsenv=sun.awt.X11GraphicsEnvironment, sun.management.compiler=HotSpot 64-Bit Tiered Compilers, java.runtime.version=10.0.2+13-Ubuntu-1ubuntu0.18.04.4, user.name=kyah, path.separator=:, os.version=4.15.0-45-generic, java.runtime.name=OpenJDK Runtime Environment, file.encoding=UTF-8, java.vm.name=OpenJDK 64-Bit Server VM, java.vendor.url.bug=http://bugreport.java.com/bugreport/, java.io.tmpdir=/tmp, java.version=10.0.2, user.dir=/home/kyah/workspace/spring-api-booking, os.arch=amd64, java.vm.specification.name=Java Virtual Machine Specification, java.awt.printerjob=sun.print.PSPrinterJob, sun.os.patch.level=unknown, java.library.path=/usr/java/packages/lib:/usr/lib/x86_64-linux-gnu/jni:/lib/x86_64-linux-gnu:/usr/lib/x86_64-linux-gnu:/usr/lib/jni:/lib:/usr/lib, java.vendor=Oracle Corporation, java.vm.info=mixed mode, java.vm.version=10.0.2+13-Ubuntu-1ubuntu0.18.04.4, sun.io.unicode.encoding=UnicodeLittle, java.class.version=54.0}}, SystemEnvironmentPropertySource@527646830 {name='systemEnvironment', properties={PATH=/home/kyah/.local/bin:/usr/local/sbin:/usr/local/bin:/usr/sbin:/usr/bin:/sbin:/bin:/usr/games:/usr/local/games:/snap/bin:/home/kyah/workspace/gradle-5.1.1/bin, XAUTHORITY=/run/user/1000/gdm/Xauthority, XMODIFIERS=@im=ibus, XDG_DATA_DIRS=/usr/share/ubuntu:/usr/local/share:/usr/share:/var/lib/snapd/desktop, GDMSESSION=ubuntu, MANDATORY_PATH=/usr/share/gconf/ubuntu.mandatory.path, TEXTDOMAINDIR=/usr/share/locale/, GTK_IM_MODULE=ibus, DBUS_SESSION_BUS_ADDRESS=unix:path=/run/user/1000/bus, DEFAULTS_PATH=/usr/share/gconf/ubuntu.default.path, XDG_CURRENT_DESKTOP=ubuntu:GNOME, SSH_AGENT_PID=2577, COLORTERM=truecolor, QT4_IM_MODULE=xim, SESSION_MANAGER=local/kyah-ubutu:@/tmp/.ICE-unix/2481,unix/kyah-ubutu:/tmp/.ICE-unix/2481, USERNAME=kyah, LOGNAME=kyah, UNZIP=-O CP932, PWD=/home/kyah/workspace/spring-api-booking, IM_CONFIG_PHASE=2, S_COLORS=auto, GJS_DEBUG_TOPICS=JS ERROR;JS LOG, ZIPINFO=-O CP932, SHELL=/bin/bash, LESSOPEN=| /usr/bin/lesspipe %s, OLDPWD=/home/kyah/workspace/gradle-5.1.1, GNOME_DESKTOP_SESSION_ID=this-is-deprecated, GNOME_TERMINAL_SCREEN=/org/gnome/Terminal/screen/bde24c75_5901_4059_8632_56035e42c451, GTK_MODULES=gail:atk-bridge, CLUTTER_IM_MODULE=xim, TEXTDOMAIN=im-config, XDG_SESSION_DESKTOP=ubuntu, LS_COLORS=rs=0:di=01;34:ln=01;36:mh=00:pi=40;33:so=01;35:do=01;35:bd=40;33;01:cd=40;33;01:or=40;31;01:mi=00:su=37;41:sg=30;43:ca=30;41:tw=30;42:ow=34;42:st=37;44:ex=01;32:*.tar=01;31:*.tgz=01;31:*.arc=01;31:*.arj=01;31:*.taz=01;31:*.lha=01;31:*.lz4=01;31:*.lzh=01;31:*.lzma=01;31:*.tlz=01;31:*.txz=01;31:*.tzo=01;31:*.t7z=01;31:*.zip=01;31:*.z=01;31:*.Z=01;31:*.dz=01;31:*.gz=01;31:*.lrz=01;31:*.lz=01;31:*.lzo=01;31:*.xz=01;31:*.zst=01;31:*.tzst=01;31:*.bz2=01;31:*.bz=01;31:*.tbz=01;31:*.tbz2=01;31:*.tz=01;31:*.deb=01;31:*.rpm=01;31:*.jar=01;31:*.war=01;31:*.ear=01;31:*.sar=01;31:*.rar=01;31:*.alz=01;31:*.ace=01;31:*.zoo=01;31:*.cpio=01;31:*.7z=01;31:*.rz=01;31:*.cab=01;31:*.wim=01;31:*.swm=01;31:*.dwm=01;31:*.esd=01;31:*.jpg=01;35:*.jpeg=01;35:*.mjpg=01;35:*.mjpeg=01;35:*.gif=01;35:*.bmp=01;35:*.pbm=01;35:*.pgm=01;35:*.ppm=01;35:*.tga=01;35:*.xbm=01;35:*.xpm=01;35:*.tif=01;35:*.tiff=01;35:*.png=01;35:*.svg=01;35:*.svgz=01;35:*.mng=01;35:*.pcx=01;35:*.mov=01;35:*.mpg=01;35:*.mpeg=01;35:*.m2v=01;35:*.mkv=01;35:*.webm=01;35:*.ogm=01;35:*.mp4=01;35:*.m4v=01;35:*.mp4v=01;35:*.vob=01;35:*.qt=01;35:*.nuv=01;35:*.wmv=01;35:*.asf=01;35:*.rm=01;35:*.rmvb=01;35:*.flc=01;35:*.avi=01;35:*.fli=01;35:*.flv=01;35:*.gl=01;35:*.dl=01;35:*.xcf=01;35:*.xwd=01;35:*.yuv=01;35:*.cgm=01;35:*.emf=01;35:*.ogv=01;35:*.ogx=01;35:*.aac=00;36:*.au=00;36:*.flac=00;36:*.m4a=00;36:*.mid=00;36:*.midi=00;36:*.mka=00;36:*.mp3=00;36:*.mpc=00;36:*.ogg=00;36:*.ra=00;36:*.wav=00;36:*.oga=00;36:*.opus=00;36:*.spx=00;36:*.xspf=00;36:, SHLVL=1, LESSCLOSE=/usr/bin/lesspipe %s %s, QT_IM_MODULE=ibus, TERM=xterm-256color, XDG_CONFIG_DIRS=/etc/xdg/xdg-ubuntu:/etc/xdg, GNOME_TERMINAL_SERVICE=:1.68, LANG=ja_JP.UTF-8, XDG_SESSION_ID=2, XDG_SESSION_TYPE=x11, GRADLE_HOME=/home/kyah/workspace/gradle-5.1.1, DISPLAY=:0, _=/home/kyah/workspace/gradle-5.1.1/bin/gradle, GPG_AGENT_INFO=/run/user/1000/gnupg/S.gpg-agent:0:1, DESKTOP_SESSION=ubuntu, USER=kyah, XDG_MENU_PREFIX=gnome-, VTE_VERSION=5202, QT_ACCESSIBILITY=1, WINDOWPATH=2, GJS_DEBUG_OUTPUT=stderr, SSH_AUTH_SOCK=/run/user/1000/keyring/ssh, XDG_SEAT=seat0, GNOME_SHELL_SESSION_MODE=ubuntu, XDG_VTNR=2, XDG_RUNTIME_DIR=/run/user/1000, HOME=/home/kyah}}]
21:49:54.904 [Test worker] DEBUG org.springframework.core.io.support.PathMatchingResourcePatternResolver - Resolved classpath location [booking/] to resources [URL [file:/home/kyah/workspace/spring-api-booking/build/classes/java/test/booking/], URL [file:/home/kyah/workspace/spring-api-booking/build/classes/java/main/booking/]]
21:49:54.905 [Test worker] DEBUG org.springframework.core.io.support.PathMatchingResourcePatternResolver - Looking for matching resources in directory tree [/home/kyah/workspace/spring-api-booking/build/classes/java/test/booking]
21:49:54.905 [Test worker] DEBUG org.springframework.core.io.support.PathMatchingResourcePatternResolver - Searching directory [/home/kyah/workspace/spring-api-booking/build/classes/java/test/booking] for files matching pattern [/home/kyah/workspace/spring-api-booking/build/classes/java/test/booking/*.class]
21:49:54.907 [Test worker] DEBUG org.springframework.core.io.support.PathMatchingResourcePatternResolver - Looking for matching resources in directory tree [/home/kyah/workspace/spring-api-booking/build/classes/java/main/booking]
21:49:54.907 [Test worker] DEBUG org.springframework.core.io.support.PathMatchingResourcePatternResolver - Searching directory [/home/kyah/workspace/spring-api-booking/build/classes/java/main/booking] for files matching pattern [/home/kyah/workspace/spring-api-booking/build/classes/java/main/booking/*.class]
21:49:54.908 [Test worker] DEBUG org.springframework.core.io.support.PathMatchingResourcePatternResolver - Resolved location pattern [classpath*:booking/*.class] to resources [file [/home/kyah/workspace/spring-api-booking/build/classes/java/test/booking/BookingServicesTests.class], file [/home/kyah/workspace/spring-api-booking/build/classes/java/main/booking/AppConfiguration.class], file [/home/kyah/workspace/spring-api-booking/build/classes/java/main/booking/Application.class], file [/home/kyah/workspace/spring-api-booking/build/classes/java/main/booking/SwaggerConfig.class]]
21:49:54.952 [Test worker] DEBUG org.springframework.context.annotation.ClassPathScanningCandidateComponentProvider - Identified candidate component class: file [/home/kyah/workspace/spring-api-booking/build/classes/java/main/booking/Application.class]
21:49:54.954 [Test worker] INFO org.springframework.boot.test.context.SpringBootTestContextBootstrapper - Found @SpringBootConfiguration booking.Application for test class booking.BookingServicesTests
21:49:55.048 [Test worker] DEBUG org.springframework.boot.test.context.SpringBootTestContextBootstrapper - @TestExecutionListeners is not present for class [booking.BookingServicesTests]: using defaults.
21:49:55.049 [Test worker] INFO org.springframework.boot.test.context.SpringBootTestContextBootstrapper - Loaded default TestExecutionListener class names from location [META-INF/spring.factories]: [org.springframework.boot.test.autoconfigure.restdocs.RestDocsTestExecutionListener, org.springframework.boot.test.autoconfigure.web.client.MockRestServiceServerResetTestExecutionListener, org.springframework.boot.test.autoconfigure.web.servlet.MockMvcPrintOnlyOnFailureTestExecutionListener, org.springframework.boot.test.autoconfigure.web.servlet.WebDriverTestExecutionListener, org.springframework.boot.test.mock.mockito.MockitoTestExecutionListener, org.springframework.boot.test.mock.mockito.ResetMocksTestExecutionListener, org.springframework.test.context.web.ServletTestExecutionListener, org.springframework.test.context.support.DirtiesContextBeforeModesTestExecutionListener, org.springframework.test.context.support.DependencyInjectionTestExecutionListener, org.springframework.test.context.support.DirtiesContextTestExecutionListener, org.springframework.test.context.transaction.TransactionalTestExecutionListener, org.springframework.test.context.jdbc.SqlScriptsTestExecutionListener]
21:49:55.062 [Test worker] INFO org.springframework.boot.test.context.SpringBootTestContextBootstrapper - Using TestExecutionListeners: [org.springframework.test.context.web.ServletTestExecutionListener@84d5324, org.springframework.test.context.support.DirtiesContextBeforeModesTestExecutionListener@595c5f60, org.springframework.boot.test.mock.mockito.MockitoTestExecutionListener@33221fab, org.springframework.boot.test.autoconfigure.SpringBootDependencyInjectionTestExecutionListener@58ad589e, org.springframework.test.context.support.DirtiesContextTestExecutionListener@3a1be4dc, org.springframework.test.context.transaction.TransactionalTestExecutionListener@1870ba0, org.springframework.test.context.jdbc.SqlScriptsTestExecutionListener@22fb837c, org.springframework.boot.test.autoconfigure.restdocs.RestDocsTestExecutionListener@10204615, org.springframework.boot.test.autoconfigure.web.client.MockRestServiceServerResetTestExecutionListener@75786dc9, org.springframework.boot.test.autoconfigure.web.servlet.MockMvcPrintOnlyOnFailureTestExecutionListener@4c1ba2cd, org.springframework.boot.test.autoconfigure.web.servlet.WebDriverTestExecutionListener@32052851, org.springframework.boot.test.mock.mockito.ResetMocksTestExecutionListener@2087c0ea]
21:49:55.065 [Test worker] DEBUG org.springframework.test.annotation.ProfileValueUtils - Retrieved @ProfileValueSourceConfiguration [null] for test class [booking.BookingServicesTests]
21:49:55.065 [Test worker] DEBUG org.springframework.test.annotation.ProfileValueUtils - Retrieved ProfileValueSource type [class org.springframework.test.annotation.SystemProfileValueSource] for class [booking.BookingServicesTests]
21:49:55.066 [Test worker] DEBUG org.springframework.test.annotation.ProfileValueUtils - Retrieved @ProfileValueSourceConfiguration [null] for test class [booking.BookingServicesTests]
21:49:55.066 [Test worker] DEBUG org.springframework.test.annotation.ProfileValueUtils - Retrieved ProfileValueSource type [class org.springframework.test.annotation.SystemProfileValueSource] for class [booking.BookingServicesTests]
21:49:55.070 [Test worker] DEBUG org.springframework.test.context.support.AbstractDirtiesContextTestExecutionListener - Before test class: context [DefaultTestContext@61d0338c testClass = BookingServicesTests, testInstance = [null], testMethod = [null], testException = [null], mergedContextConfiguration = [WebMergedContextConfiguration@2788d528 testClass = BookingServicesTests, locations = '{}', classes = '{class booking.Application}', contextInitializerClasses = '[]', activeProfiles = '{}', propertySourceLocations = '{}', propertySourceProperties = '{org.springframework.boot.test.context.SpringBootTestContextBootstrapper=true}', contextCustomizers = set[org.springframework.boot.test.autoconfigure.properties.PropertyMappingContextCustomizer@0, org.springframework.boot.test.autoconfigure.web.servlet.WebDriverContextCustomizerFactory$Customizer@b1105a2, org.springframework.boot.test.context.filter.ExcludeFilterContextCustomizer@51a283fc, org.springframework.boot.test.json.DuplicateJsonObjectContextCustomizerFactory$DuplicateJsonObjectContextCustomizer@4141a3b3, org.springframework.boot.test.mock.mockito.MockitoContextCustomizer@0, org.springframework.boot.test.web.client.TestRestTemplateContextCustomizer@eb5fb26], resourceBasePath = 'src/main/webapp', contextLoader = 'org.springframework.boot.test.context.SpringBootContextLoader', parent = [null]], attributes = map['org.springframework.test.context.web.ServletTestExecutionListener.activateListener' -> true]], class annotated with @DirtiesContext [false] with mode [null].
21:49:55.070 [Test worker] DEBUG org.springframework.test.annotation.ProfileValueUtils - Retrieved @ProfileValueSourceConfiguration [null] for test class [booking.BookingServicesTests]
21:49:55.070 [Test worker] DEBUG org.springframework.test.annotation.ProfileValueUtils - Retrieved ProfileValueSource type [class org.springframework.test.annotation.SystemProfileValueSource] for class [booking.BookingServicesTests]
21:49:55.084 [Test worker] DEBUG org.springframework.core.env.StandardEnvironment - Adding PropertySource 'systemProperties' with lowest search precedence
21:49:55.085 [Test worker] DEBUG org.springframework.core.env.StandardEnvironment - Adding PropertySource 'systemEnvironment' with lowest search precedence
21:49:55.085 [Test worker] DEBUG org.springframework.core.env.StandardEnvironment - Initialized StandardEnvironment with PropertySources [MapPropertySource@1533146759 {name='systemProperties', properties={sun.desktop=gnome, awt.toolkit=sun.awt.X11.XToolkit, java.specification.version=10, file.encoding.pkg=sun.io, sun.cpu.isalist=, sun.jnu.encoding=UTF-8, org.gradle.test.worker=2, java.class.path=/home/kyah/.gradle/caches/5.1.1/workerMain/gradle-worker.jar:/home/kyah/workspace/spring-api-booking/build/classes/java/test:/home/kyah/workspace/spring-api-booking/build/resources/test:/home/kyah/workspace/spring-api-booking/build/classes/java/main:/home/kyah/workspace/spring-api-booking/build/resources/main:/home/kyah/.gradle/caches/modules-2/files-2.1/org.springframework.boot/spring-boot-starter-web/2.0.5.RELEASE/52daa1f1509bd637a737206e54c06a17aabb9504/spring-boot-starter-web-2.0.5.RELEASE.jar:/home/kyah/.gradle/caches/modules-2/files-2.1/org.springframework.boot/spring-boot-starter-data-jpa/2.0.5.RELEASE/c99b58e8ada11478aa5d0c3065745b7e887f094e/spring-boot-starter-data-jpa-2.0.5.RELEASE.jar:/home/kyah/.gradle/caches/modules-2/files-2.1/org.springframework.boot/spring-boot-starter-security/2.0.5.RELEASE/5a53ddfd9ebd108f914f390981d992bacabf29d3/spring-boot-starter-security-2.0.5.RELEASE.jar:/home/kyah/.gradle/caches/modules-2/files-2.1/org.springframework.boot/spring-boot-starter-test/2.0.5.RELEASE/ab04ca2e76f6a8e786001352a81a10e4b0e7fbc8/spring-boot-starter-test-2.0.5.RELEASE.jar:/home/kyah/.gradle/caches/modules-2/files-2.1/org.springframework.boot/spring-boot-starter-json/2.0.5.RELEASE/d0052ded4733ceb1fb7d927238f22f9a92099227/spring-boot-starter-json-2.0.5.RELEASE.jar:/home/kyah/.gradle/caches/modules-2/files-2.1/org.springframework.boot/spring-boot-starter-aop/2.0.5.RELEASE/6bc1e8bcc849772d48cae1e8278cd2b471361698/spring-boot-starter-aop-2.0.5.RELEASE.jar:/home/kyah/.gradle/caches/modules-2/files-2.1/org.springframework.boot/spring-boot-starter-jdbc/2.0.5.RELEASE/9a5370acc7c5e17f4a00578211fbbd212b9a8329/spring-boot-starter-jdbc-2.0.5.RELEASE.jar:/home/kyah/.gradle/caches/modules-2/files-2.1/org.springframework.boot/spring-boot-starter/2.0.5.RELEASE/1f53487a373be18d064a5815e9bac9882ef15cdc/spring-boot-starter-2.0.5.RELEASE.jar:/home/kyah/.gradle/caches/modules-2/files-2.1/org.springframework.data/spring-data-jpa/2.0.10.RELEASE/a6e644c363d050c6c90f078f4f0ac66892f60d54/spring-data-jpa-2.0.10.RELEASE.jar:/home/kyah/.gradle/caches/modules-2/files-2.1/org.springframework/spring-orm/5.0.9.RELEASE/bb9265effd7c903f4cc1c98d16b4188b7827a1cc/spring-orm-5.0.9.RELEASE.jar:/home/kyah/.gradle/caches/modules-2/files-2.1/org.springframework/spring-jdbc/5.0.9.RELEASE/2f38726ef2f5ecb72af7e915dac43177b01a8f53/spring-jdbc-5.0.9.RELEASE.jar:/home/kyah/.gradle/caches/modules-2/files-2.1/com.auth0/java-jwt/3.4.0/e7ce62e0e190ed86c6edca4c0562dd03b432a141/java-jwt-3.4.0.jar:/home/kyah/.gradle/caches/modules-2/files-2.1/javax.xml.bind/jaxb-api/2.3.0/99f802e0cb3e953ba3d6e698795c4aeb98d37c48/jaxb-api-2.3.0.jar:/home/kyah/.gradle/caches/modules-2/files-2.1/mysql/mysql-connector-java/5.1.47/9de4159aaf2d08817a276610b8114a825fca6cfd/mysql-connector-java-5.1.47.jar:/home/kyah/.gradle/caches/modules-2/files-2.1/org.projectlombok/lombok/1.18.6/616105b0831250a2e443447508e6a8b26bc466fb/lombok-1.18.6.jar:/home/kyah/.gradle/caches/modules-2/files-2.1/io.springfox/springfox-swagger2/2.7.0/dd28b7ce26af1209d6ef19f5f24a8c23b41ca6fc/springfox-swagger2-2.7.0.jar:/home/kyah/.gradle/caches/modules-2/files-2.1/io.springfox/springfox-swagger-common/2.7.0/5a632aecc733753887f90592382fa271e546062a/springfox-swagger-common-2.7.0.jar:/home/kyah/.gradle/caches/modules-2/files-2.1/io.swagger/swagger-models/1.5.13/571a0046f35f9dac569a1870465248595e33ccdb/swagger-models-1.5.13.jar:/home/kyah/.gradle/caches/modules-2/files-2.1/io.swagger/swagger-annotations/1.5.16/935f1f2fed2cbdd7a0513981d6c53201e21155f4/swagger-annotations-1.5.16.jar:/home/kyah/.gradle/caches/modules-2/files-2.1/io.springfox/springfox-swagger-ui/2.7.0/92608eb6c2056810b4e3189196b4e8cce645d6de/springfox-swagger-ui-2.7.0.jar:/home/kyah/.gradle/caches/modules-2/files-2.1/org.postgresql/postgresql/42.2.5/951b7eda125f3137538a94e2cbdcf744088ad4c2/postgresql-42.2.5.jar:/home/kyah/.gradle/caches/modules-2/files-2.1/junit/junit/4.12/2973d150c0dc1fefe998f834810d68f278ea58ec/junit-4.12.jar:/home/kyah/.gradle/caches/modules-2/files-2.1/com.jayway.jsonpath/json-path/2.4.0/765a4401ceb2dc8d40553c2075eb80a8fa35c2ae/json-path-2.4.0.jar:/home/kyah/.gradle/caches/modules-2/files-2.1/org.springframework.boot/spring-boot-test-autoconfigure/2.0.5.RELEASE/54d5e8f9e88c6236fe164474f0aed5a8a1052c43/spring-boot-test-autoconfigure-2.0.5.RELEASE.jar:/home/kyah/.gradle/caches/modules-2/files-2.1/org.springframework.boot/spring-boot-autoconfigure/2.0.5.RELEASE/e5588642799e0c0c04638e255c3d3f31ba400ff4/spring-boot-autoconfigure-2.0.5.RELEASE.jar:/home/kyah/.gradle/caches/modules-2/files-2.1/org.springframework.boot/spring-boot-test/2.0.5.RELEASE/ce6353f33217982357a6bdba6576015ea333304c/spring-boot-test-2.0.5.RELEASE.jar:/home/kyah/.gradle/caches/modules-2/files-2.1/org.springframework.boot/spring-boot/2.0.5.RELEASE/19a4624cbd89a318d10c79f289c6c816043850fb/spring-boot-2.0.5.RELEASE.jar:/home/kyah/.gradle/caches/modules-2/files-2.1/org.springframework.boot/spring-boot-starter-logging/2.0.5.RELEASE/c353e0b9591d0765c687ff0a678478cbebfd5c23/spring-boot-starter-logging-2.0.5.RELEASE.jar:/home/kyah/.gradle/caches/modules-2/files-2.1/org.springframework.boot/spring-boot-starter-tomcat/2.0.5.RELEASE/eaac8a5d73b45400bc88cd7f6b5c99b5f0d5e9b7/spring-boot-starter-tomcat-2.0.5.RELEASE.jar:/home/kyah/.gradle/caches/modules-2/files-2.1/javax.annotation/javax.annotation-api/1.3.2/934c04d3cfef185a8008e7bf34331b79730a9d43/javax.annotation-api-1.3.2.jar:/home/kyah/.gradle/caches/modules-2/files-2.1/org.springframework/spring-webmvc/5.0.9.RELEASE/c18346caaeb8dc648c4cc01874996fd9fef76664/spring-webmvc-5.0.9.RELEASE.jar:/home/kyah/.gradle/caches/modules-2/files-2.1/org.springframework.security/spring-security-web/5.0.8.RELEASE/87b45329699c294ccd6df2507a1f703eca89e381/spring-security-web-5.0.8.RELEASE.jar:/home/kyah/.gradle/caches/modules-2/files-2.1/org.springframework/spring-web/5.0.9.RELEASE/1ea3aab93340849313fa74ec626ddaf1fff9ed8e/spring-web-5.0.9.RELEASE.jar:/home/kyah/.gradle/caches/modules-2/files-2.1/org.springframework/spring-tx/5.0.9.RELEASE/d3a13fc3c56bdddd8144a686ed64f0cdb3ad7305/spring-tx-5.0.9.RELEASE.jar:/home/kyah/.gradle/caches/modules-2/files-2.1/org.springframework.security/spring-security-config/5.0.8.RELEASE/83a070861ad63c0dd5660d4529b9c37a3c9e3c50/spring-security-config-5.0.8.RELEASE.jar:/home/kyah/.gradle/caches/modules-2/files-2.1/org.springframework/spring-test/5.0.9.RELEASE/218c8648f898453be92d550252e0ce2a84b54375/spring-test-5.0.9.RELEASE.jar:/home/kyah/.gradle/caches/modules-2/files-2.1/io.springfox/springfox-spring-web/2.7.0/a54be5572b6b5210f6892e13d6b136dde5e96bf6/springfox-spring-web-2.7.0.jar:/home/kyah/.gradle/caches/modules-2/files-2.1/io.springfox/springfox-schema/2.7.0/aab297a6781e829b9d6bac514a4dc860966c3c8d/springfox-schema-2.7.0.jar:/home/kyah/.gradle/caches/modules-2/files-2.1/io.springfox/springfox-spi/2.7.0/dab14edcb863dd506278dc950908b4f684e93b7/springfox-spi-2.7.0.jar:/home/kyah/.gradle/caches/modules-2/files-2.1/io.springfox/springfox-core/2.7.0/f3e6d1cf5170b4b56ee0a00c1b3b05221f2ecb96/springfox-core-2.7.0.jar:/home/kyah/.gradle/caches/modules-2/files-2.1/org.springframework.plugin/spring-plugin-metadata/1.2.0.RELEASE/97223fc496b6cab31602eedbd4202aa4fff0d44f/spring-plugin-metadata-1.2.0.RELEASE.jar:/home/kyah/.gradle/caches/modules-2/files-2.1/org.springframework.plugin/spring-plugin-core/1.2.0.RELEASE/f380e7760032e7d929184f8ad8a33716b75c0657/spring-plugin-core-1.2.0.RELEASE.jar:/home/kyah/.gradle/caches/modules-2/files-2.1/org.springframework.security/spring-security-core/5.0.8.RELEASE/32a39026edcb6b7cd4567df2c75bd561d876f515/spring-security-core-5.0.8.RELEASE.jar:/home/kyah/.gradle/caches/modules-2/files-2.1/org.springframework/spring-context/5.0.9.RELEASE/2501e55acb6c2e84667cda3f845d1d00a0dc4e05/spring-context-5.0.9.RELEASE.jar:/home/kyah/.gradle/caches/modules-2/files-2.1/org.springframework/spring-expression/5.0.9.RELEASE/1f9db5ff3a758102c0434cc3457aa47c50c39a4a/spring-expression-5.0.9.RELEASE.jar:/home/kyah/.gradle/caches/modules-2/files-2.1/org.springframework.data/spring-data-commons/2.0.10.RELEASE/64d4e58a2b16b9446d51a2650058d821a5bce98d/spring-data-commons-2.0.10.RELEASE.jar:/home/kyah/.gradle/caches/modules-2/files-2.1/org.springframework/spring-aop/5.0.9.RELEASE/98003b099697fe46b6bdf18c7e3f66d7a1381060/spring-aop-5.0.9.RELEASE.jar:/home/kyah/.gradle/caches/modules-2/files-2.1/org.springframework/spring-beans/5.0.9.RELEASE/65f56fdab1bb90ad059e314d2f2f4cf76f9bdbde/spring-beans-5.0.9.RELEASE.jar:/home/kyah/.gradle/caches/modules-2/files-2.1/org.springframework/spring-core/5.0.9.RELEASE/9f9a828936d81afd49a603bda9cc1aed863a0d85/spring-core-5.0.9.RELEASE.jar:/home/kyah/.gradle/caches/modules-2/files-2.1/org.yaml/snakeyaml/1.19/2d998d3d674b172a588e54ab619854d073f555b5/snakeyaml-1.19.jar:/home/kyah/.gradle/caches/modules-2/files-2.1/org.hibernate.validator/hibernate-validator/6.0.12.Final/478003e61b056c1f97840ba3e62ff31cdc89597/hibernate-validator-6.0.12.Final.jar:/home/kyah/.gradle/caches/modules-2/files-2.1/javax.transaction/javax.transaction-api/1.2/d81aff979d603edd90dcd8db2abc1f4ce6479e3e/javax.transaction-api-1.2.jar:/home/kyah/.gradle/caches/modules-2/files-2.1/org.hibernate/hibernate-core/5.2.17.Final/f2dc36470e7a2ffcf6106bb1625ecf5b54bb5f65/hibernate-core-5.2.17.Final.jar:/home/kyah/.gradle/caches/modules-2/files-2.1/org.springframework/spring-aspects/5.0.9.RELEASE/dfb2da4c573391d8e8a482f08bdf4d38398e2bb0/spring-aspects-5.0.9.RELEASE.jar:/home/kyah/.gradle/caches/modules-2/files-2.1/com.fasterxml.jackson.datatype/jackson-datatype-jdk8/2.9.6/456895fc91bf7180b216fead220373e6278230c9/jackson-datatype-jdk8-2.9.6.jar:/home/kyah/.gradle/caches/modules-2/files-2.1/com.fasterxml.jackson.datatype/jackson-datatype-jsr310/2.9.6/ea54f6193d224e5e5732bbd4262327eb465397c2/jackson-datatype-jsr310-2.9.6.jar:/home/kyah/.gradle/caches/modules-2/files-2.1/com.fasterxml.jackson.module/jackson-module-parameter-names/2.9.6/129acd77a4b6ee30d62d3a0899b1344c8ec2bff8/jackson-module-parameter-names-2.9.6.jar:/home/kyah/.gradle/caches/modules-2/files-2.1/com.fasterxml.jackson.core/jackson-databind/2.9.6/cfa4f316351a91bfd95cb0644c6a2c95f52db1fc/jackson-databind-2.9.6.jar:/home/kyah/.gradle/caches/modules-2/files-2.1/commons-codec/commons-codec/1.11/3acb4705652e16236558f0f4f2192cc33c3bd189/commons-codec-1.11.jar:/home/kyah/.gradle/caches/modules-2/files-2.1/org.reflections/reflections/0.9.11/4c686033d918ec1727e329b7222fcb020152e32b/reflections-0.9.11.jar:/home/kyah/.gradle/caches/modules-2/files-2.1/com.google.guava/guava/20.0/89507701249388e1ed5ddcf8c41f4ce1be7831ef/guava-20.0.jar:/home/kyah/.gradle/caches/modules-2/files-2.1/com.fasterxml/classmate/1.3.4/3d5f48f10bbe4eb7bd862f10c0583be2e0053c6/classmate-1.3.4.jar:/home/kyah/.gradle/caches/modules-2/files-2.1/ch.qos.logback/logback-classic/1.2.3/7c4f3c474fb2c041d8028740440937705ebb473a/logback-classic-1.2.3.jar:/home/kyah/.gradle/caches/modules-2/files-2.1/org.apache.logging.log4j/log4j-to-slf4j/2.10.0/f7e631ccf49cfc0aefa4a2a728da7d374c05bd3c/log4j-to-slf4j-2.10.0.jar:/home/kyah/.gradle/caches/modules-2/files-2.1/org.slf4j/jul-to-slf4j/1.7.25/af5364cd6679bfffb114f0dec8a157aaa283b76/jul-to-slf4j-1.7.25.jar:/home/kyah/.gradle/caches/modules-2/files-2.1/com.zaxxer/HikariCP/2.7.9/a83113d2c091d0d0f853dad3217bd7df3beb6ae3/HikariCP-2.7.9.jar:/home/kyah/.gradle/caches/modules-2/files-2.1/org.slf4j/slf4j-api/1.7.25/da76ca59f6a57ee3102f8f9bd9cee742973efa8a/slf4j-api-1.7.25.jar:/home/kyah/.gradle/caches/modules-2/files-2.1/org.mapstruct/mapstruct/1.1.0.Final/65b81fa5234e1fd8461b77bbccee7b9ebc0bbbb2/mapstruct-1.1.0.Final.jar:/home/kyah/.gradle/caches/modules-2/files-2.1/org.hamcrest/hamcrest-library/1.3/4785a3c21320980282f9f33d0d1264a69040538f/hamcrest-library-1.3.jar:/home/kyah/.gradle/caches/modules-2/files-2.1/org.hamcrest/hamcrest-core/1.3/42a25dc3219429f0e5d060061f71acb49bf010a0/hamcrest-core-1.3.jar:/home/kyah/.gradle/caches/modules-2/files-2.1/org.assertj/assertj-core/3.9.1/c5ce126b15f28d56cd8f960c1a6a058b9c9aea87/assertj-core-3.9.1.jar:/home/kyah/.gradle/caches/modules-2/files-2.1/org.mockito/mockito-core/2.15.0/b84bfbbc29cd22c9529409627af6ea2897f4fa85/mockito-core-2.15.0.jar:/home/kyah/.gradle/caches/modules-2/files-2.1/org.skyscreamer/jsonassert/1.5.0/6c9d5fe2f59da598d9aefc1cfc6528ff3cf32df3/jsonassert-1.5.0.jar:/home/kyah/.gradle/caches/modules-2/files-2.1/org.xmlunit/xmlunit-core/2.5.1/4ffdb346572a7356f7521cd3119ce5287d2e339d/xmlunit-core-2.5.1.jar:/home/kyah/.gradle/caches/modules-2/files-2.1/net.minidev/json-smart/2.3/7396407491352ce4fa30de92efb158adb76b5b/json-smart-2.3.jar:/home/kyah/.gradle/caches/modules-2/files-2.1/org.springframework/spring-jcl/5.0.9.RELEASE/bc3b5aaae53f0bc03647e53ecbd98a05b47a4e90/spring-jcl-5.0.9.RELEASE.jar:/home/kyah/.gradle/caches/modules-2/files-2.1/org.apache.tomcat.embed/tomcat-embed-websocket/8.5.34/5f86906367c2540b21e6aeecc277d2ce9ec939b0/tomcat-embed-websocket-8.5.34.jar:/home/kyah/.gradle/caches/modules-2/files-2.1/org.apache.tomcat.embed/tomcat-embed-core/8.5.34/a038040d68a90397f95dd1e11b979fe364a5000f/tomcat-embed-core-8.5.34.jar:/home/kyah/.gradle/caches/modules-2/files-2.1/org.apache.tomcat.embed/tomcat-embed-el/8.5.34/be71a9a5bdd001db7cf97c47429eec0bdd3b7b88/tomcat-embed-el-8.5.34.jar:/home/kyah/.gradle/caches/modules-2/files-2.1/javax.validation/validation-api/2.0.1.Final/cb855558e6271b1b32e716d24cb85c7f583ce09e/validation-api-2.0.1.Final.jar:/home/kyah/.gradle/caches/modules-2/files-2.1/org.hibernate.common/hibernate-commons-annotations/5.0.1.Final/71e1cff3fcb20d3b3af4f3363c3ddb24d33c6879/hibernate-commons-annotations-5.0.1.Final.jar:/home/kyah/.gradle/caches/modules-2/files-2.1/org.jboss.logging/jboss-logging/3.3.2.Final/3789d00e859632e6c6206adc0c71625559e6e3b0/jboss-logging-3.3.2.Final.jar:/home/kyah/.gradle/caches/modules-2/files-2.1/org.aspectj/aspectjweaver/1.8.13/ad94df2a28d658a40dc27bbaff6a1ce5fbf04e9b/aspectjweaver-1.8.13.jar:/home/kyah/.gradle/caches/modules-2/files-2.1/org.hibernate.javax.persistence/hibernate-jpa-2.1-api/1.0.2.Final/52afb5762c704a6b586e27742470c08f91877fc1/hibernate-jpa-2.1-api-1.0.2.Final.jar:/home/kyah/.gradle/caches/modules-2/files-2.1/org.javassist/javassist/3.22.0-GA/3e83394258ae2089be7219b971ec21a8288528ad/javassist-3.22.0-GA.jar:/home/kyah/.gradle/caches/modules-2/files-2.1/antlr/antlr/2.7.7/83cd2cd674a217ade95a4bb83a8a14f351f48bd0/antlr-2.7.7.jar:/home/kyah/.gradle/caches/modules-2/files-2.1/org.jboss/jandex/2.0.3.Final/bfc4d6257dbff7a33a357f0de116be6ff951d849/jandex-2.0.3.Final.jar:/home/kyah/.gradle/caches/modules-2/files-2.1/dom4j/dom4j/1.6.1/5d3ccc056b6f056dbf0dddfdf43894b9065a8f94/dom4j-1.6.1.jar:/home/kyah/.gradle/caches/modules-2/files-2.1/com.fasterxml.jackson.core/jackson-annotations/2.9.0/7c10d545325e3a6e72e06381afe469fd40eb701/jackson-annotations-2.9.0.jar:/home/kyah/.gradle/caches/modules-2/files-2.1/com.fasterxml.jackson.core/jackson-core/2.9.6/4e393793c37c77e042ccc7be5a914ae39251b365/jackson-core-2.9.6.jar:/home/kyah/.gradle/caches/modules-2/files-2.1/net.bytebuddy/byte-buddy/1.7.11/f02857a4e2c66ccbe7aaad6100a0a6c461bce9b3/byte-buddy-1.7.11.jar:/home/kyah/.gradle/caches/modules-2/files-2.1/net.bytebuddy/byte-buddy-agent/1.7.11/b425a8933ca07edd03c6dbc8bc3b595fba9780de/byte-buddy-agent-1.7.11.jar:/home/kyah/.gradle/caches/modules-2/files-2.1/org.objenesis/objenesis/2.6/639033469776fd37c08358c6b92a4761feb2af4b/objenesis-2.6.jar:/home/kyah/.gradle/caches/modules-2/files-2.1/com.vaadin.external.google/android-json/0.0.20131108.vaadin1/fa26d351fe62a6a17f5cda1287c1c6110dec413f/android-json-0.0.20131108.vaadin1.jar:/home/kyah/.gradle/caches/modules-2/files-2.1/net.minidev/accessors-smart/1.2/c592b500269bfde36096641b01238a8350f8aa31/accessors-smart-1.2.jar:/home/kyah/.gradle/caches/modules-2/files-2.1/ch.qos.logback/logback-core/1.2.3/864344400c3d4d92dfeb0a305dc87d953677c03c/logback-core-1.2.3.jar:/home/kyah/.gradle/caches/modules-2/files-2.1/org.apache.logging.log4j/log4j-api/2.10.0/fec5797a55b786184a537abd39c3fa1449d752d6/log4j-api-2.10.0.jar:/home/kyah/.gradle/caches/modules-2/files-2.1/org.ow2.asm/asm/5.0.4/da08b8cce7bbf903602a25a3a163ae252435795/asm-5.0.4.jar, java.vm.vendor=Oracle Corporation, sun.arch.data.model=64, user.variant=, java.vendor.url=http://java.oracle.com/, user.timezone=Asia/Tokyo, os.name=Linux, java.vm.specification.version=10, user.country=JP, sun.java.launcher=SUN_STANDARD, sun.boot.library.path=/usr/lib/jvm/java-11-openjdk-amd64/lib, sun.java.command=worker.org.gradle.process.internal.worker.GradleWorkerMain 'Gradle Test Executor 2', jdk.debug=release, sun.cpu.endian=little, user.home=/home/kyah, user.language=ja, java.specification.vendor=Oracle Corporation, org.gradle.native=false, java.version.date=2018-07-17, java.home=/usr/lib/jvm/java-11-openjdk-amd64, file.separator=/, java.vm.compressedOopsMode=32-bit, line.separator=
, java.specification.name=Java Platform API Specification, java.vm.specification.vendor=Oracle Corporation, java.awt.graphicsenv=sun.awt.X11GraphicsEnvironment, sun.management.compiler=HotSpot 64-Bit Tiered Compilers, java.runtime.version=10.0.2+13-Ubuntu-1ubuntu0.18.04.4, user.name=kyah, path.separator=:, os.version=4.15.0-45-generic, java.runtime.name=OpenJDK Runtime Environment, file.encoding=UTF-8, java.vm.name=OpenJDK 64-Bit Server VM, java.vendor.url.bug=http://bugreport.java.com/bugreport/, java.io.tmpdir=/tmp, java.version=10.0.2, user.dir=/home/kyah/workspace/spring-api-booking, os.arch=amd64, java.vm.specification.name=Java Virtual Machine Specification, java.awt.printerjob=sun.print.PSPrinterJob, sun.os.patch.level=unknown, java.library.path=/usr/java/packages/lib:/usr/lib/x86_64-linux-gnu/jni:/lib/x86_64-linux-gnu:/usr/lib/x86_64-linux-gnu:/usr/lib/jni:/lib:/usr/lib, java.vendor=Oracle Corporation, java.vm.info=mixed mode, java.vm.version=10.0.2+13-Ubuntu-1ubuntu0.18.04.4, sun.io.unicode.encoding=UnicodeLittle, java.class.version=54.0}}, SystemEnvironmentPropertySource@1297882600 {name='systemEnvironment', properties={PATH=/home/kyah/.local/bin:/usr/local/sbin:/usr/local/bin:/usr/sbin:/usr/bin:/sbin:/bin:/usr/games:/usr/local/games:/snap/bin:/home/kyah/workspace/gradle-5.1.1/bin, XAUTHORITY=/run/user/1000/gdm/Xauthority, XMODIFIERS=@im=ibus, XDG_DATA_DIRS=/usr/share/ubuntu:/usr/local/share:/usr/share:/var/lib/snapd/desktop, GDMSESSION=ubuntu, MANDATORY_PATH=/usr/share/gconf/ubuntu.mandatory.path, TEXTDOMAINDIR=/usr/share/locale/, GTK_IM_MODULE=ibus, DBUS_SESSION_BUS_ADDRESS=unix:path=/run/user/1000/bus, DEFAULTS_PATH=/usr/share/gconf/ubuntu.default.path, XDG_CURRENT_DESKTOP=ubuntu:GNOME, SSH_AGENT_PID=2577, COLORTERM=truecolor, QT4_IM_MODULE=xim, SESSION_MANAGER=local/kyah-ubutu:@/tmp/.ICE-unix/2481,unix/kyah-ubutu:/tmp/.ICE-unix/2481, USERNAME=kyah, LOGNAME=kyah, UNZIP=-O CP932, PWD=/home/kyah/workspace/spring-api-booking, IM_CONFIG_PHASE=2, S_COLORS=auto, GJS_DEBUG_TOPICS=JS ERROR;JS LOG, ZIPINFO=-O CP932, SHELL=/bin/bash, LESSOPEN=| /usr/bin/lesspipe %s, OLDPWD=/home/kyah/workspace/gradle-5.1.1, GNOME_DESKTOP_SESSION_ID=this-is-deprecated, GNOME_TERMINAL_SCREEN=/org/gnome/Terminal/screen/bde24c75_5901_4059_8632_56035e42c451, GTK_MODULES=gail:atk-bridge, CLUTTER_IM_MODULE=xim, TEXTDOMAIN=im-config, XDG_SESSION_DESKTOP=ubuntu, LS_COLORS=rs=0:di=01;34:ln=01;36:mh=00:pi=40;33:so=01;35:do=01;35:bd=40;33;01:cd=40;33;01:or=40;31;01:mi=00:su=37;41:sg=30;43:ca=30;41:tw=30;42:ow=34;42:st=37;44:ex=01;32:*.tar=01;31:*.tgz=01;31:*.arc=01;31:*.arj=01;31:*.taz=01;31:*.lha=01;31:*.lz4=01;31:*.lzh=01;31:*.lzma=01;31:*.tlz=01;31:*.txz=01;31:*.tzo=01;31:*.t7z=01;31:*.zip=01;31:*.z=01;31:*.Z=01;31:*.dz=01;31:*.gz=01;31:*.lrz=01;31:*.lz=01;31:*.lzo=01;31:*.xz=01;31:*.zst=01;31:*.tzst=01;31:*.bz2=01;31:*.bz=01;31:*.tbz=01;31:*.tbz2=01;31:*.tz=01;31:*.deb=01;31:*.rpm=01;31:*.jar=01;31:*.war=01;31:*.ear=01;31:*.sar=01;31:*.rar=01;31:*.alz=01;31:*.ace=01;31:*.zoo=01;31:*.cpio=01;31:*.7z=01;31:*.rz=01;31:*.cab=01;31:*.wim=01;31:*.swm=01;31:*.dwm=01;31:*.esd=01;31:*.jpg=01;35:*.jpeg=01;35:*.mjpg=01;35:*.mjpeg=01;35:*.gif=01;35:*.bmp=01;35:*.pbm=01;35:*.pgm=01;35:*.ppm=01;35:*.tga=01;35:*.xbm=01;35:*.xpm=01;35:*.tif=01;35:*.tiff=01;35:*.png=01;35:*.svg=01;35:*.svgz=01;35:*.mng=01;35:*.pcx=01;35:*.mov=01;35:*.mpg=01;35:*.mpeg=01;35:*.m2v=01;35:*.mkv=01;35:*.webm=01;35:*.ogm=01;35:*.mp4=01;35:*.m4v=01;35:*.mp4v=01;35:*.vob=01;35:*.qt=01;35:*.nuv=01;35:*.wmv=01;35:*.asf=01;35:*.rm=01;35:*.rmvb=01;35:*.flc=01;35:*.avi=01;35:*.fli=01;35:*.flv=01;35:*.gl=01;35:*.dl=01;35:*.xcf=01;35:*.xwd=01;35:*.yuv=01;35:*.cgm=01;35:*.emf=01;35:*.ogv=01;35:*.ogx=01;35:*.aac=00;36:*.au=00;36:*.flac=00;36:*.m4a=00;36:*.mid=00;36:*.midi=00;36:*.mka=00;36:*.mp3=00;36:*.mpc=00;36:*.ogg=00;36:*.ra=00;36:*.wav=00;36:*.oga=00;36:*.opus=00;36:*.spx=00;36:*.xspf=00;36:, SHLVL=1, LESSCLOSE=/usr/bin/lesspipe %s %s, QT_IM_MODULE=ibus, TERM=xterm-256color, XDG_CONFIG_DIRS=/etc/xdg/xdg-ubuntu:/etc/xdg, GNOME_TERMINAL_SERVICE=:1.68, LANG=ja_JP.UTF-8, XDG_SESSION_ID=2, XDG_SESSION_TYPE=x11, GRADLE_HOME=/home/kyah/workspace/gradle-5.1.1, DISPLAY=:0, _=/home/kyah/workspace/gradle-5.1.1/bin/gradle, GPG_AGENT_INFO=/run/user/1000/gnupg/S.gpg-agent:0:1, DESKTOP_SESSION=ubuntu, USER=kyah, XDG_MENU_PREFIX=gnome-, VTE_VERSION=5202, QT_ACCESSIBILITY=1, WINDOWPATH=2, GJS_DEBUG_OUTPUT=stderr, SSH_AUTH_SOCK=/run/user/1000/keyring/ssh, XDG_SEAT=seat0, GNOME_SHELL_SESSION_MODE=ubuntu, XDG_VTNR=2, XDG_RUNTIME_DIR=/run/user/1000, HOME=/home/kyah}}]
21:49:55.087 [Test worker] DEBUG org.springframework.test.context.support.TestPropertySourceUtils - Adding inlined properties to environment: {spring.jmx.enabled=false, org.springframework.boot.test.context.SpringBootTestContextBootstrapper=true, server.port=-1}
21:49:55.087 [Test worker] DEBUG org.springframework.core.env.StandardEnvironment - Adding PropertySource 'Inlined Test Properties' with highest search precedence

  .   ____          _            __ _ _
 /\\ / ___'_ __ _ _(_)_ __  __ _ \ \ \ \
( ( )\___ | '_ | '_| | '_ \/ _` | \ \ \ \
 \\/  ___)| |_)| | | | | || (_| |  ) ) ) )
  '  |____| .__|_| |_|_| |_\__, | / / / /
 =========|_|==============|___/=/_/_/_/
 :: Spring Boot ::        (v2.0.5.RELEASE)

2019-03-04 21:49:55.467  INFO 3865 --- [    Test worker] booking.BookingServicesTests             : Starting BookingServicesTests on kyah-ubutu with PID 3865 (started by kyah in /home/kyah/workspace/spring-api-booking)
2019-03-04 21:49:55.469  INFO 3865 --- [    Test worker] booking.BookingServicesTests             : No active profile set, falling back to default profiles: default
2019-03-04 21:49:55.514  INFO 3865 --- [    Test worker] o.s.w.c.s.GenericWebApplicationContext   : Refreshing org.springframework.web.context.support.GenericWebApplicationContext@1ef13ea9: startup date [Mon Mar 04 21:49:55 JST 2019]; root of context hierarchy
2019-03-04 21:49:57.130  INFO 3865 --- [    Test worker] trationDelegate$BeanPostProcessorChecker : Bean 'org.springframework.transaction.annotation.ProxyTransactionManagementConfiguration' of type [org.springframework.transaction.annotation.ProxyTransactionManagementConfiguration$$EnhancerBySpringCGLIB$$dccd8b3c] is not eligible for getting processed by all BeanPostProcessors (for example: not eligible for auto-proxying)
2019-03-04 21:49:57.398  INFO 3865 --- [    Test worker] j.LocalContainerEntityManagerFactoryBean : Building JPA container EntityManagerFactory for persistence unit 'default'
2019-03-04 21:49:57.413  INFO 3865 --- [    Test worker] o.hibernate.jpa.internal.util.LogHelper  : HHH000204: Processing PersistenceUnitInfo [
	name: default
	...]
2019-03-04 21:49:57.478  INFO 3865 --- [    Test worker] org.hibernate.Version                    : HHH000412: Hibernate Core {5.2.17.Final}
2019-03-04 21:49:57.480  INFO 3865 --- [    Test worker] org.hibernate.cfg.Environment            : HHH000206: hibernate.properties not found
2019-03-04 21:49:57.518  INFO 3865 --- [    Test worker] o.hibernate.annotations.common.Version   : HCANN000001: Hibernate Commons Annotations {5.0.1.Final}
2019-03-04 21:49:57.606  INFO 3865 --- [    Test worker] com.zaxxer.hikari.HikariDataSource       : HikariPool-1 - Starting...
2019-03-04 21:49:57.800  INFO 3865 --- [    Test worker] com.zaxxer.hikari.HikariDataSource       : HikariPool-1 - Start completed.
2019-03-04 21:49:57.812  INFO 3865 --- [    Test worker] org.hibernate.dialect.Dialect            : HHH000400: Using dialect: org.hibernate.dialect.MySQL5Dialect
2019-03-04 21:49:58.386  INFO 3865 --- [    Test worker] j.LocalContainerEntityManagerFactoryBean : Initialized JPA EntityManagerFactory for persistence unit 'default'
2019-03-04 21:49:59.311  WARN 3865 --- [    Test worker] aWebConfiguration$JpaWebMvcConfiguration : spring.jpa.open-in-view is enabled by default. Therefore, database queries may be performed during view rendering. Explicitly configure spring.jpa.open-in-view to disable this warning
2019-03-04 21:49:59.384  INFO 3865 --- [    Test worker] s.w.s.m.m.a.RequestMappingHandlerMapping : Mapped "{[/users/sign-up],methods=[POST]}" onto public void booking.auth.user.UserController.signUp(booking.auth.user.ApplicationUser)
2019-03-04 21:49:59.387  INFO 3865 --- [    Test worker] s.w.s.m.m.a.RequestMappingHandlerMapping : Mapped "{[/api/v1/bookables],methods=[GET]}" onto public java.util.List<booking.domain.model.Bookable> booking.domain.controller.BookableController.getBookables(java.util.Date,java.util.Date)
2019-03-04 21:49:59.392  INFO 3865 --- [    Test worker] s.w.s.m.m.a.RequestMappingHandlerMapping : Mapped "{[/api/v1/customers/{customerId}/bookings/{bookingId}],methods=[DELETE]}" onto public void booking.domain.controller.BookingController.deleteBooking(java.lang.Integer,java.lang.Integer)
2019-03-04 21:49:59.392  INFO 3865 --- [    Test worker] s.w.s.m.m.a.RequestMappingHandlerMapping : Mapped "{[/api/v1/customers/{customerName}],methods=[GET]}" onto public booking.domain.repository.entity.Customer booking.domain.controller.BookingController.getCustomer(java.lang.String)
2019-03-04 21:49:59.393  INFO 3865 --- [    Test worker] s.w.s.m.m.a.RequestMappingHandlerMapping : Mapped "{[/api/v1/customers/{customerId}/bookings],methods=[GET]}" onto public java.util.List<booking.domain.repository.entity.Booking> booking.domain.controller.BookingController.getMyBookings(java.lang.Integer)
2019-03-04 21:49:59.393  INFO 3865 --- [    Test worker] s.w.s.m.m.a.RequestMappingHandlerMapping : Mapped "{[/api/v1/customers/{customerId}/bookings/{bookingId}],methods=[GET]}" onto public booking.domain.repository.entity.Booking booking.domain.controller.BookingController.getBookingById(java.lang.Integer,java.lang.Integer)
2019-03-04 21:49:59.393  INFO 3865 --- [    Test worker] s.w.s.m.m.a.RequestMappingHandlerMapping : Mapped "{[/api/v1/customers/{customerId}/bookings],methods=[POST]}" onto public booking.domain.repository.entity.Booking booking.domain.controller.BookingController.createBooking(java.lang.Integer,booking.domain.repository.entity.Booking)
2019-03-04 21:49:59.394  INFO 3865 --- [    Test worker] s.w.s.m.m.a.RequestMappingHandlerMapping : Mapped "{[/api/v1/customers/{customerId}/bookings/{bookingId}],methods=[PUT]}" onto public booking.domain.repository.entity.Booking booking.domain.controller.BookingController.modifyBooking(java.lang.Integer,java.lang.Integer,booking.domain.repository.entity.Booking)
2019-03-04 21:49:59.395  INFO 3865 --- [    Test worker] s.w.s.m.m.a.RequestMappingHandlerMapping : Mapped "{[/],methods=[GET]}" onto public java.lang.String booking.system.healthcheck.HealthCheckController.doHealthCheck()
2019-03-04 21:49:59.397  INFO 3865 --- [    Test worker] s.w.s.m.m.a.RequestMappingHandlerMapping : Mapped "{[/swagger-resources/configuration/ui]}" onto public org.springframework.http.ResponseEntity<springfox.documentation.swagger.web.UiConfiguration> springfox.documentation.swagger.web.ApiResourceController.uiConfiguration()
2019-03-04 21:49:59.398  INFO 3865 --- [    Test worker] s.w.s.m.m.a.RequestMappingHandlerMapping : Mapped "{[/swagger-resources/configuration/security]}" onto public org.springframework.http.ResponseEntity<springfox.documentation.swagger.web.SecurityConfiguration> springfox.documentation.swagger.web.ApiResourceController.securityConfiguration()
2019-03-04 21:49:59.399  INFO 3865 --- [    Test worker] s.w.s.m.m.a.RequestMappingHandlerMapping : Mapped "{[/swagger-resources]}" onto public org.springframework.http.ResponseEntity<java.util.List<springfox.documentation.swagger.web.SwaggerResource>> springfox.documentation.swagger.web.ApiResourceController.swaggerResources()
2019-03-04 21:49:59.406  INFO 3865 --- [    Test worker] s.w.s.m.m.a.RequestMappingHandlerMapping : Mapped "{[/error],produces=[text/html]}" onto public org.springframework.web.servlet.ModelAndView org.springframework.boot.autoconfigure.web.servlet.error.BasicErrorController.errorHtml(javax.servlet.http.HttpServletRequest,javax.servlet.http.HttpServletResponse)
2019-03-04 21:49:59.406  INFO 3865 --- [    Test worker] s.w.s.m.m.a.RequestMappingHandlerMapping : Mapped "{[/error]}" onto public org.springframework.http.ResponseEntity<java.util.Map<java.lang.String, java.lang.Object>> org.springframework.boot.autoconfigure.web.servlet.error.BasicErrorController.error(javax.servlet.http.HttpServletRequest)
2019-03-04 21:49:59.562  INFO 3865 --- [    Test worker] pertySourcedRequestMappingHandlerMapping : Mapped URL path [/v2/api-docs] onto method [public org.springframework.http.ResponseEntity<springfox.documentation.spring.web.json.Json> springfox.documentation.swagger2.web.Swagger2Controller.getDocumentation(java.lang.String,javax.servlet.http.HttpServletRequest)]
2019-03-04 21:49:59.765  INFO 3865 --- [    Test worker] o.s.s.web.DefaultSecurityFilterChain     : Creating filter chain: org.springframework.security.web.util.matcher.AnyRequestMatcher@1, [org.springframework.security.web.context.request.async.WebAsyncManagerIntegrationFilter@14b6566d, org.springframework.security.web.context.SecurityContextPersistenceFilter@572f69b1, org.springframework.security.web.header.HeaderWriterFilter@4cc888e2, org.springframework.web.filter.CorsFilter@7103932f, org.springframework.security.web.authentication.logout.LogoutFilter@1d91dc1e, booking.auth.security.JWTAuthenticationFilter@66646c1c, booking.auth.security.JWTAuthorizationFilter@4af53639, org.springframework.security.web.savedrequest.RequestCacheAwareFilter@6f50f6b5, org.springframework.security.web.servletapi.SecurityContextHolderAwareRequestFilter@293153e8, org.springframework.security.web.authentication.AnonymousAuthenticationFilter@6c561434, org.springframework.security.web.session.SessionManagementFilter@7420a166, org.springframework.security.web.access.ExceptionTranslationFilter@6b415f7a, org.springframework.security.web.access.intercept.FilterSecurityInterceptor@5b14af6]
2019-03-04 21:50:00.057  INFO 3865 --- [    Test worker] o.s.w.s.handler.SimpleUrlHandlerMapping  : Mapped URL path [/**/favicon.ico] onto handler of type [class org.springframework.web.servlet.resource.ResourceHttpRequestHandler]
2019-03-04 21:50:00.249  INFO 3865 --- [    Test worker] s.w.s.m.m.a.RequestMappingHandlerAdapter : Looking for @ControllerAdvice: org.springframework.web.context.support.GenericWebApplicationContext@1ef13ea9: startup date [Mon Mar 04 21:49:55 JST 2019]; root of context hierarchy
2019-03-04 21:50:00.307  INFO 3865 --- [    Test worker] o.s.w.s.handler.SimpleUrlHandlerMapping  : Mapped URL path [/webjars/**] onto handler of type [class org.springframework.web.servlet.resource.ResourceHttpRequestHandler]
2019-03-04 21:50:00.308  INFO 3865 --- [    Test worker] o.s.w.s.handler.SimpleUrlHandlerMapping  : Mapped URL path [/**] onto handler of type [class org.springframework.web.servlet.resource.ResourceHttpRequestHandler]
2019-03-04 21:50:00.580  INFO 3865 --- [    Test worker] o.s.c.support.DefaultLifecycleProcessor  : Starting beans in phase 2147483647
2019-03-04 21:50:00.581  INFO 3865 --- [    Test worker] d.s.w.p.DocumentationPluginsBootstrapper : Context refreshed
2019-03-04 21:50:00.600  INFO 3865 --- [    Test worker] d.s.w.p.DocumentationPluginsBootstrapper : Found 1 custom documentation plugin(s)
2019-03-04 21:50:00.639  INFO 3865 --- [    Test worker] s.d.s.w.s.ApiListingReferenceScanner     : Scanning for api listing references
2019-03-04 21:50:00.864  INFO 3865 --- [    Test worker] booking.BookingServicesTests             : Started BookingServicesTests in 5.771 seconds (JVM running for 6.719)
2019-03-04 21:50:00.944  INFO 3865 --- [    Test worker] booking.BookingServicesTests             : test start getBookingByIdTest...
2019-03-04 21:50:00.971 DEBUG 3865 --- [    Test worker] org.hibernate.SQL                        : select booking0_.id as id1_1_0_, booking0_.canceled as canceled2_1_0_, booking0_.customer_id as customer5_1_0_, booking0_.hotel_id as hotel_id6_1_0_, booking0_.in_date as in_date3_1_0_, booking0_.out_date as out_date4_1_0_, booking0_.room_id as room_id7_1_0_, customer1_.id as id1_2_1_, customer1_.email as email2_2_1_, customer1_.name as name3_2_1_, customer1_.password_hash as password4_2_1_, customer1_.token as token5_2_1_, hotel2_.id as id1_3_2_, hotel2_.charge as charge2_3_2_, hotel2_.name as name3_3_2_, hotel2_.option1 as option4_3_2_, hotel2_.option2 as option5_3_2_, hotel2_.option3 as option6_3_2_, room3_.id as id1_4_3_, room3_.hotel_id as hotel_id3_4_3_, room3_.name as name2_4_3_, hotel4_.id as id1_3_4_, hotel4_.charge as charge2_3_4_, hotel4_.name as name3_3_4_, hotel4_.option1 as option4_3_4_, hotel4_.option2 as option5_3_4_, hotel4_.option3 as option6_3_4_ from booking booking0_ inner join customer customer1_ on booking0_.customer_id=customer1_.id inner join hotel hotel2_ on booking0_.hotel_id=hotel2_.id inner join room room3_ on booking0_.room_id=room3_.id inner join hotel hotel4_ on room3_.hotel_id=hotel4_.id where booking0_.id=?
2019-03-04 21:50:00.987 TRACE 3865 --- [    Test worker] o.h.type.descriptor.sql.BasicBinder      : binding parameter [1] as [INTEGER] - [135]
2019-03-04 21:50:01.009  INFO 3865 --- [    Test worker] booking.BookingServicesTests             : Booking(id=135, hotel=booking.domain.repository.entity.Hotel@3a0dfdd8, room=Room(id=222, name=222, hotel=booking.domain.repository.entity.Hotel@3a0dfdd8), customer=Customer(id=59, name=user1, email=null, password_hash=null, token=null), inDate=2019-02-01, outDate=2019-02-02, canceled=false)
2019-03-04 21:50:01.010  INFO 3865 --- [    Test worker] booking.BookingServicesTests             : test end getBookingByIdTest...
2019-03-04 21:50:01.015  INFO 3865 --- [    Test worker] booking.BookingServicesTests             : test start getBookingList...
2019-03-04 21:50:01.049  INFO 3865 --- [    Test worker] o.h.h.i.QueryTranslatorFactoryInitiator  : HHH000397: Using ASTQueryTranslatorFactory
2019-03-04 21:50:01.156 DEBUG 3865 --- [    Test worker] org.hibernate.SQL                        : select booking0_.id as id1_1_, booking0_.canceled as canceled2_1_, booking0_.customer_id as customer5_1_, booking0_.hotel_id as hotel_id6_1_, booking0_.in_date as in_date3_1_, booking0_.out_date as out_date4_1_, booking0_.room_id as room_id7_1_ from booking booking0_ inner join customer customer1_ on booking0_.customer_id=customer1_.id where booking0_.canceled=? and customer1_.id=59
2019-03-04 21:50:01.157 TRACE 3865 --- [    Test worker] o.h.type.descriptor.sql.BasicBinder      : binding parameter [1] as [BOOLEAN] - [false]
2019-03-04 21:50:01.160 DEBUG 3865 --- [    Test worker] org.hibernate.SQL                        : select customer0_.id as id1_2_0_, customer0_.email as email2_2_0_, customer0_.name as name3_2_0_, customer0_.password_hash as password4_2_0_, customer0_.token as token5_2_0_ from customer customer0_ where customer0_.id=?
2019-03-04 21:50:01.161 TRACE 3865 --- [    Test worker] o.h.type.descriptor.sql.BasicBinder      : binding parameter [1] as [INTEGER] - [59]
2019-03-04 21:50:01.163 DEBUG 3865 --- [    Test worker] org.hibernate.SQL                        : select hotel0_.id as id1_3_0_, hotel0_.charge as charge2_3_0_, hotel0_.name as name3_3_0_, hotel0_.option1 as option4_3_0_, hotel0_.option2 as option5_3_0_, hotel0_.option3 as option6_3_0_ from hotel hotel0_ where hotel0_.id=?
2019-03-04 21:50:01.164 TRACE 3865 --- [    Test worker] o.h.type.descriptor.sql.BasicBinder      : binding parameter [1] as [INTEGER] - [103]
2019-03-04 21:50:01.166 DEBUG 3865 --- [    Test worker] org.hibernate.SQL                        : select room0_.id as id1_4_0_, room0_.hotel_id as hotel_id3_4_0_, room0_.name as name2_4_0_, hotel1_.id as id1_3_1_, hotel1_.charge as charge2_3_1_, hotel1_.name as name3_3_1_, hotel1_.option1 as option4_3_1_, hotel1_.option2 as option5_3_1_, hotel1_.option3 as option6_3_1_ from room room0_ inner join hotel hotel1_ on room0_.hotel_id=hotel1_.id where room0_.id=?
2019-03-04 21:50:01.167 TRACE 3865 --- [    Test worker] o.h.type.descriptor.sql.BasicBinder      : binding parameter [1] as [INTEGER] - [222]
2019-03-04 21:50:01.169 DEBUG 3865 --- [    Test worker] org.hibernate.SQL                        : select hotel0_.id as id1_3_0_, hotel0_.charge as charge2_3_0_, hotel0_.name as name3_3_0_, hotel0_.option1 as option4_3_0_, hotel0_.option2 as option5_3_0_, hotel0_.option3 as option6_3_0_ from hotel hotel0_ where hotel0_.id=?
2019-03-04 21:50:01.169 TRACE 3865 --- [    Test worker] o.h.type.descriptor.sql.BasicBinder      : binding parameter [1] as [INTEGER] - [102]
2019-03-04 21:50:01.171 DEBUG 3865 --- [    Test worker] org.hibernate.SQL                        : select room0_.id as id1_4_0_, room0_.hotel_id as hotel_id3_4_0_, room0_.name as name2_4_0_, hotel1_.id as id1_3_1_, hotel1_.charge as charge2_3_1_, hotel1_.name as name3_3_1_, hotel1_.option1 as option4_3_1_, hotel1_.option2 as option5_3_1_, hotel1_.option3 as option6_3_1_ from room room0_ inner join hotel hotel1_ on room0_.hotel_id=hotel1_.id where room0_.id=?
2019-03-04 21:50:01.172 TRACE 3865 --- [    Test worker] o.h.type.descriptor.sql.BasicBinder      : binding parameter [1] as [INTEGER] - [213]
2019-03-04 21:50:01.174 DEBUG 3865 --- [    Test worker] org.hibernate.SQL                        : select room0_.id as id1_4_0_, room0_.hotel_id as hotel_id3_4_0_, room0_.name as name2_4_0_, hotel1_.id as id1_3_1_, hotel1_.charge as charge2_3_1_, hotel1_.name as name3_3_1_, hotel1_.option1 as option4_3_1_, hotel1_.option2 as option5_3_1_, hotel1_.option3 as option6_3_1_ from room room0_ inner join hotel hotel1_ on room0_.hotel_id=hotel1_.id where room0_.id=?
2019-03-04 21:50:01.174 TRACE 3865 --- [    Test worker] o.h.type.descriptor.sql.BasicBinder      : binding parameter [1] as [INTEGER] - [212]
2019-03-04 21:50:01.176 DEBUG 3865 --- [    Test worker] org.hibernate.SQL                        : select room0_.id as id1_4_0_, room0_.hotel_id as hotel_id3_4_0_, room0_.name as name2_4_0_, hotel1_.id as id1_3_1_, hotel1_.charge as charge2_3_1_, hotel1_.name as name3_3_1_, hotel1_.option1 as option4_3_1_, hotel1_.option2 as option5_3_1_, hotel1_.option3 as option6_3_1_ from room room0_ inner join hotel hotel1_ on room0_.hotel_id=hotel1_.id where room0_.id=?
2019-03-04 21:50:01.176 TRACE 3865 --- [    Test worker] o.h.type.descriptor.sql.BasicBinder      : binding parameter [1] as [INTEGER] - [225]
2019-03-04 21:50:01.178 DEBUG 3865 --- [    Test worker] org.hibernate.SQL                        : select room0_.id as id1_4_0_, room0_.hotel_id as hotel_id3_4_0_, room0_.name as name2_4_0_, hotel1_.id as id1_3_1_, hotel1_.charge as charge2_3_1_, hotel1_.name as name3_3_1_, hotel1_.option1 as option4_3_1_, hotel1_.option2 as option5_3_1_, hotel1_.option3 as option6_3_1_ from room room0_ inner join hotel hotel1_ on room0_.hotel_id=hotel1_.id where room0_.id=?
2019-03-04 21:50:01.179 TRACE 3865 --- [    Test worker] o.h.type.descriptor.sql.BasicBinder      : binding parameter [1] as [INTEGER] - [223]
2019-03-04 21:50:01.180 DEBUG 3865 --- [    Test worker] org.hibernate.SQL                        : select room0_.id as id1_4_0_, room0_.hotel_id as hotel_id3_4_0_, room0_.name as name2_4_0_, hotel1_.id as id1_3_1_, hotel1_.charge as charge2_3_1_, hotel1_.name as name3_3_1_, hotel1_.option1 as option4_3_1_, hotel1_.option2 as option5_3_1_, hotel1_.option3 as option6_3_1_ from room room0_ inner join hotel hotel1_ on room0_.hotel_id=hotel1_.id where room0_.id=?
2019-03-04 21:50:01.181 TRACE 3865 --- [    Test worker] o.h.type.descriptor.sql.BasicBinder      : binding parameter [1] as [INTEGER] - [221]
2019-03-04 21:50:01.183 DEBUG 3865 --- [    Test worker] org.hibernate.SQL                        : select room0_.id as id1_4_0_, room0_.hotel_id as hotel_id3_4_0_, room0_.name as name2_4_0_, hotel1_.id as id1_3_1_, hotel1_.charge as charge2_3_1_, hotel1_.name as name3_3_1_, hotel1_.option1 as option4_3_1_, hotel1_.option2 as option5_3_1_, hotel1_.option3 as option6_3_1_ from room room0_ inner join hotel hotel1_ on room0_.hotel_id=hotel1_.id where room0_.id=?
2019-03-04 21:50:01.184 TRACE 3865 --- [    Test worker] o.h.type.descriptor.sql.BasicBinder      : binding parameter [1] as [INTEGER] - [224]
2019-03-04 21:50:01.190  INFO 3865 --- [    Test worker] booking.BookingServicesTests             : Booking(id=135, hotel=booking.domain.repository.entity.Hotel@ef78e94, room=Room(id=222, name=222, hotel=booking.domain.repository.entity.Hotel@ef78e94), customer=Customer(id=59, name=user1, email=null, password_hash=null, token=null), inDate=2019-02-01, outDate=2019-02-02, canceled=false)
2019-03-04 21:50:01.190  INFO 3865 --- [    Test worker] booking.BookingServicesTests             : Booking(id=138, hotel=booking.domain.repository.entity.Hotel@70867db1, room=Room(id=213, name=213, hotel=booking.domain.repository.entity.Hotel@70867db1), customer=Customer(id=59, name=user1, email=null, password_hash=null, token=null), inDate=2019-02-08, outDate=2019-02-09, canceled=false)
2019-03-04 21:50:01.190  INFO 3865 --- [    Test worker] booking.BookingServicesTests             : Booking(id=139, hotel=booking.domain.repository.entity.Hotel@70867db1, room=Room(id=212, name=212, hotel=booking.domain.repository.entity.Hotel@70867db1), customer=Customer(id=59, name=user1, email=null, password_hash=null, token=null), inDate=2019-02-10, outDate=2019-02-12, canceled=false)
2019-03-04 21:50:01.190  INFO 3865 --- [    Test worker] booking.BookingServicesTests             : Booking(id=143, hotel=booking.domain.repository.entity.Hotel@ef78e94, room=Room(id=225, name=225, hotel=booking.domain.repository.entity.Hotel@ef78e94), customer=Customer(id=59, name=user1, email=null, password_hash=null, token=null), inDate=2019-02-08, outDate=2019-02-09, canceled=false)
2019-03-04 21:50:01.191  INFO 3865 --- [    Test worker] booking.BookingServicesTests             : Booking(id=149, hotel=booking.domain.repository.entity.Hotel@ef78e94, room=Room(id=223, name=223, hotel=booking.domain.repository.entity.Hotel@ef78e94), customer=Customer(id=59, name=user1, email=null, password_hash=null, token=null), inDate=2019-02-15, outDate=2019-02-17, canceled=false)
2019-03-04 21:50:01.191  INFO 3865 --- [    Test worker] booking.BookingServicesTests             : Booking(id=150, hotel=booking.domain.repository.entity.Hotel@ef78e94, room=Room(id=221, name=221, hotel=booking.domain.repository.entity.Hotel@ef78e94), customer=Customer(id=59, name=user1, email=null, password_hash=null, token=null), inDate=2019-02-15, outDate=2019-02-17, canceled=false)
2019-03-04 21:50:01.191  INFO 3865 --- [    Test worker] booking.BookingServicesTests             : Booking(id=151, hotel=booking.domain.repository.entity.Hotel@ef78e94, room=Room(id=224, name=224, hotel=booking.domain.repository.entity.Hotel@ef78e94), customer=Customer(id=59, name=user1, email=null, password_hash=null, token=null), inDate=2019-02-15, outDate=2019-02-17, canceled=false)
2019-03-04 21:50:01.191  INFO 3865 --- [    Test worker] booking.BookingServicesTests             : Booking(id=152, hotel=booking.domain.repository.entity.Hotel@ef78e94, room=Room(id=225, name=225, hotel=booking.domain.repository.entity.Hotel@ef78e94), customer=Customer(id=59, name=user1, email=null, password_hash=null, token=null), inDate=2019-02-15, outDate=2019-02-17, canceled=false)
2019-03-04 21:50:01.191  INFO 3865 --- [    Test worker] booking.BookingServicesTests             : test end getBookingList...
]]></system-out>
  <system-err><![CDATA[]]></system-err>
</testsuite>
